Log file open, 01/13/20 13:05:26
LogWindows: Failed to load 'aqProf.dll' (GetLastError=126)
LogWindows: File 'aqProf.dll' does not exist
LogWindows: Failed to load 'VtuneApi.dll' (GetLastError=126)
LogWindows: File 'VtuneApi.dll' does not exist
LogWindows: Failed to load 'VtuneApi32e.dll' (GetLastError=126)
LogWindows: File 'VtuneApi32e.dll' does not exist
LogConsoleResponse: Display: Failed to find resolution value strings in scalability ini. Falling back to default.
LogInit: Display: Running engine for game: GoodNightNinja
LogPlatformFile: Not using cached read wrapper
LogTaskGraph: Started task graph with 5 named threads and 11 total threads with 3 sets of task threads.
LogStats: Stats thread started at 2.267731
LogD3D11RHI: Loaded GFSDK_Aftermath_Lib.x64.dll
LogICUInternationalization: ICU TimeZone Detection - Raw Offset: -5:00, Platform Override: ''
LogPluginManager: Mounting plugin Paper2D
LogPluginManager: Mounting plugin AISupport
LogPluginManager: Mounting plugin LightPropagationVolume
LogPluginManager: Mounting plugin ActorLayerUtilities
LogPluginManager: Mounting plugin AnimationSharing
LogPluginManager: Mounting plugin CLionSourceCodeAccess
LogPluginManager: Mounting plugin CodeLiteSourceCodeAccess
LogPluginManager: Mounting plugin ConcertMain
LogPluginManager: Mounting plugin ConcertSyncClient
LogPluginManager: Mounting plugin ConcertSyncCore
LogPluginManager: Mounting plugin MultiUserClient
LogPluginManager: Mounting plugin GitSourceControl
LogPluginManager: Mounting plugin KDevelopSourceCodeAccess
LogPluginManager: Mounting plugin NullSourceCodeAccess
LogPluginManager: Mounting plugin PerforceSourceControl
LogPluginManager: Mounting plugin PlasticSourceControl
LogPluginManager: Mounting plugin SubversionSourceControl
LogPluginManager: Mounting plugin UObjectPlugin
LogPluginManager: Mounting plugin VisualStudioCodeSourceCodeAccess
LogPluginManager: Mounting plugin VisualStudioSourceCodeAccess
LogPluginManager: Mounting plugin XCodeSourceCodeAccess
LogPluginManager: Mounting plugin AssetManagerEditor
LogPluginManager: Mounting plugin CryptoKeys
LogPluginManager: Mounting plugin CurveEditorTools
LogPluginManager: Mounting plugin DataValidation
LogPluginManager: Mounting plugin FacialAnimation
LogPluginManager: Mounting plugin GameplayTagsEditor
LogPluginManager: Mounting plugin MacGraphicsSwitching
LogPluginManager: Mounting plugin MaterialAnalyzer
LogPluginManager: Mounting plugin MobileLauncherProfileWizard
LogPluginManager: Mounting plugin PluginBrowser
LogPluginManager: Mounting plugin SpeedTreeImporter
LogPluginManager: Mounting plugin DatasmithContent
LogPluginManager: Mounting plugin VariantManagerContent
LogPluginManager: Mounting plugin AlembicImporter
LogPluginManager: Mounting plugin AutomationUtils
LogPluginManager: Mounting plugin BackChannel
LogPluginManager: Mounting plugin CharacterAI
LogPluginManager: Mounting plugin GeometryCache
LogPluginManager: Mounting plugin PlatformCrypto
LogPluginManager: Mounting plugin ProxyLODPlugin
LogPluginManager: Mounting plugin SkeletalReduction
LogPluginManager: Mounting plugin MagicLeap
LogPluginManager: Mounting plugin MagicLeapMedia
LogPluginManager: Mounting plugin MLSDK
LogPluginManager: Mounting plugin AndroidMedia
LogPluginManager: Mounting plugin AvfMedia
LogPluginManager: Mounting plugin ImgMedia
LogPluginManager: Mounting plugin MediaCompositing
LogPluginManager: Mounting plugin MediaPlayerEditor
LogPluginManager: Mounting plugin WebMMedia
LogPluginManager: Mounting plugin WmfMedia
LogPluginManager: Mounting plugin TcpMessaging
LogPluginManager: Mounting plugin UdpMessaging
LogPluginManager: Mounting plugin ActorSequence
LogPluginManager: Mounting plugin LevelSequenceEditor
LogPluginManager: Mounting plugin MatineeToLevelSequence
LogPluginManager: Mounting plugin NetcodeUnitTest
LogPluginManager: Mounting plugin NUTUnrealEngine4
LogPluginManager: Mounting plugin OnlineSubsystemGooglePlay
LogPluginManager: Mounting plugin OnlineSubsystemIOS
LogPluginManager: Mounting plugin OnlineSubsystem
LogPluginManager: Mounting plugin OnlineSubsystemNull
LogPluginManager: Mounting plugin OnlineSubsystemUtils
LogPluginManager: Mounting plugin LauncherChunkInstaller
LogPluginManager: Mounting plugin AndroidDeviceProfileSelector
LogPluginManager: Mounting plugin AndroidMoviePlayer
LogPluginManager: Mounting plugin AndroidPermission
LogPluginManager: Mounting plugin AppleImageUtils
LogPluginManager: Mounting plugin AppleMoviePlayer
LogPluginManager: Mounting plugin ArchVisCharacter
LogPluginManager: Mounting plugin AssetTags
LogPluginManager: Mounting plugin AudioCapture
LogPluginManager: Mounting plugin CableComponent
LogPluginManager: Mounting plugin CustomMeshComponent
LogPluginManager: Mounting plugin SQLiteCore
LogPluginManager: Mounting plugin EditableMesh
LogPluginManager: Mounting plugin ExampleDeviceProfileSelector
LogPluginManager: Mounting plugin GoogleCloudMessaging
LogPluginManager: Mounting plugin IOSDeviceProfileSelector
LogPluginManager: Mounting plugin LinuxDeviceProfileSelector
LogPluginManager: Mounting plugin LocationServicesBPLibrary
LogPluginManager: Mounting plugin MobilePatchingUtils
LogPluginManager: Mounting plugin OculusVR
LogPluginManager: Mounting plugin PhysXVehicles
LogPluginManager: Mounting plugin PostSplashScreen
LogPluginManager: Mounting plugin ProceduralMeshComponent
LogPluginManager: Mounting plugin RuntimePhysXCooking
LogPluginManager: Mounting plugin SignificanceManager
LogPluginManager: Mounting plugin SteamVR
LogPluginManager: Mounting plugin WebMMoviePlayer
LogPluginManager: Mounting plugin WindowsMoviePlayer
LogPluginManager: Mounting plugin ScreenshotTools
LogInit: Using libcurl 7.55.1-DEV
LogInit:  - built for x86_64-pc-win32
LogInit:  - supports SSL with OpenSSL/1.1.1
LogInit:  - supports HTTP deflate (compression) using libz 1.2.8
LogInit:  - other features:
LogInit:      CURL_VERSION_SSL
LogInit:      CURL_VERSION_LIBZ
LogInit:      CURL_VERSION_IPV6
LogInit:      CURL_VERSION_ASYNCHDNS
LogInit:      CURL_VERSION_LARGEFILE
LogInit:      CURL_VERSION_IDN
LogInit:  CurlRequestOptions (configurable via config and command line):
LogInit:  - bVerifyPeer = true  - Libcurl will verify peer certificate
LogInit:  - bUseHttpProxy = false  - Libcurl will NOT use HTTP proxy
LogInit:  - bDontReuseConnections = false  - Libcurl will reuse connections
LogInit:  - MaxHostConnections = 16  - Libcurl will limit the number of connections to a host
LogInit:  - LocalHostAddr = Default
LogInit:  - BufferSize = 65536
LogOnline: OSS: Creating online subsystem instance for: NULL
LogInit: WinSock: version 1.1 (2.2), MaxSocks=32767, MaxUdp=65467
LogOnline: OSS: TryLoadSubsystemAndSetDefault: Loaded subsystem for module [NULL]
LogInit: Build: ++UE4+Release-4.24-CL-10757647
LogInit: Engine Version: 4.24.1-10757647+++UE4+Release-4.24
LogInit: Compatible Engine Version: 4.24.0-10570792+++UE4+Release-4.24
LogInit: Net CL: 10570792
LogInit: OS: Windows 10 (Release 1903) (), CPU: Intel(R) Core(TM) i7-7Y75 CPU @ 1.30GHz, GPU: Intel(R) HD Graphics 615
LogInit: Compiled (64-bit): Dec 17 2019 02:08:03
LogInit: Compiled with Visual C++: 19.16.27032.01
LogInit: Build Configuration: Development
LogInit: Branch Name: ++UE4+Release-4.24
LogInit: Command Line: 
LogInit: Base Directory: C:/Program Files/Epic Games/UE_4.24/Engine/Binaries/Win64/
LogInit: Installed Engine Build: 1
LogDevObjectVersion: Number of dev versions registered: 25
LogDevObjectVersion:   Dev-Blueprints (B0D832E4-1F89-4F0D-ACCF-7EB736FD4AA2): 10
LogDevObjectVersion:   Dev-Build (E1C64328-A22C-4D53-A36C-8E866417BD8C): 0
LogDevObjectVersion:   Dev-Core (375EC13C-06E4-48FB-B500-84F0262A717E): 3
LogDevObjectVersion:   Dev-Editor (E4B068ED-F494-42E9-A231-DA0B2E46BB41): 37
LogDevObjectVersion:   Dev-Framework (CFFC743F-43B0-4480-9391-14DF171D2073): 36
LogDevObjectVersion:   Dev-Mobile (B02B49B5-BB20-44E9-A304-32B752E40360): 2
LogDevObjectVersion:   Dev-Networking (A4E4105C-59A1-49B5-A7C5-40C4547EDFEE): 0
LogDevObjectVersion:   Dev-Online (39C831C9-5AE6-47DC-9A44-9C173E1C8E7C): 0
LogDevObjectVersion:   Dev-Physics (78F01B33-EBEA-4F98-B9B4-84EACCB95AA2): 2
LogDevObjectVersion:   Dev-Platform (6631380F-2D4D-43E0-8009-CF276956A95A): 0
LogDevObjectVersion:   Dev-Rendering (12F88B9F-8875-4AFC-A67C-D90C383ABD29): 36
LogDevObjectVersion:   Dev-Sequencer (7B5AE74C-D270-4C10-A958-57980B212A5A): 11
LogDevObjectVersion:   Dev-VR (D7296918-1DD6-4BDD-9DE2-64A83CC13884): 2
LogDevObjectVersion:   Dev-LoadTimes (C2A15278-BFE7-4AFE-6C17-90FF531DF755): 1
LogDevObjectVersion:   Private-Geometry (6EACA3D4-40EC-4CC1-B786-8BED09428FC5): 3
LogDevObjectVersion:   Dev-AnimPhys (29E575DD-E0A3-4627-9D10-D276232CDCEA): 17
LogDevObjectVersion:   Dev-Anim (AF43A65D-7FD3-4947-9873-3E8ED9C1BB05): 2
LogDevObjectVersion:   Dev-ReflectionCapture (6B266CEC-1EC7-4B8F-A30B-E4D90942FC07): 1
LogDevObjectVersion:   Dev-Automation (0DF73D61-A23F-47EA-B727-89E90C41499A): 1
LogDevObjectVersion:   FortniteMain (601D1886-AC64-4F84-AA16-D3DE0DEAC7D6): 31
LogDevObjectVersion:   Dev-Enterprise (9DFFBCD6-494F-0158-E221-12823C92A888): 8
LogDevObjectVersion:   Dev-Niagara (F2AED0AC-9AFE-416F-8664-AA7FFA26D6FC): 1
LogDevObjectVersion:   Dev-Destruction (174F1F0B-B4C6-45A5-B13F-2EE8D0FB917D): 9
LogDevObjectVersion:   Dev-Physics-Ext (35F94A83-E258-406C-A318-09F59610247C): 8
LogDevObjectVersion:   Dev-CineCamera (B2E18506-4273-CFC2-A54E-F4BB758BBA07): 1
LogInit: Presizing for max 25165824 objects, including 0 objects not considered by GC, pre-allocating 0 bytes for permanent pool.
LogInit: Object subsystem initialized
LogConfig: Setting CVar [[con.DebugEarlyDefault:1]]
LogConfig: Setting CVar [[r.setres:1280x720]]
[2020.01.13-18.05.27:110][  0]LogConfig: Setting CVar [[r.VSync:0]]
[2020.01.13-18.05.27:110][  0]LogConfig: Setting CVar [[r.RHICmdBypass:0]]
[2020.01.13-18.05.27:110][  0]LogConfig: Applying CVar settings from Section [/Script/Engine.RendererSettings] File [C:/Users/justi/Desktop/GoodNightNinja/GoodNightNinja/Saved/Config/Windows/Engine.ini]
[2020.01.13-18.05.27:111][  0]LogConfig: Setting CVar [[r.GPUCrashDebugging:0]]
[2020.01.13-18.05.27:111][  0]LogConfig: Setting CVar [[r.MobileHDR:1]]
[2020.01.13-18.05.27:111][  0]LogConfig: Setting CVar [[r.Mobile.DisableVertexFog:1]]
[2020.01.13-18.05.27:111][  0]LogConfig: Setting CVar [[r.Shadow.CSM.MaxMobileCascades:2]]
[2020.01.13-18.05.27:111][  0]LogConfig: Setting CVar [[r.MobileMSAA:1]]
[2020.01.13-18.05.27:111][  0]LogConfig: Setting CVar [[r.Mobile.UseLegacyShadingModel:0]]
[2020.01.13-18.05.27:111][  0]LogConfig: Setting CVar [[r.Mobile.UseHWsRGBEncoding:0]]
[2020.01.13-18.05.27:111][  0]LogConfig: Setting CVar [[r.Mobile.AllowDitheredLODTransition:0]]
[2020.01.13-18.05.27:111][  0]LogConfig: Setting CVar [[r.Mobile.AllowSoftwareOcclusion:0]]
[2020.01.13-18.05.27:111][  0]LogConfig: Setting CVar [[r.DiscardUnusedQuality:0]]
[2020.01.13-18.05.27:111][  0]LogConfig: Setting CVar [[r.AllowOcclusionQueries:1]]
[2020.01.13-18.05.27:111][  0]LogConfig: Setting CVar [[r.MinScreenRadiusForLights:0.030000]]
[2020.01.13-18.05.27:111][  0]LogConfig: Setting CVar [[r.MinScreenRadiusForDepthPrepass:0.030000]]
[2020.01.13-18.05.27:111][  0]LogConfig: Setting CVar [[r.MinScreenRadiusForCSMDepth:0.010000]]
[2020.01.13-18.05.27:111][  0]LogConfig: Setting CVar [[r.PrecomputedVisibilityWarning:0]]
[2020.01.13-18.05.27:111][  0]LogConfig: Setting CVar [[r.TextureStreaming:1]]
[2020.01.13-18.05.27:111][  0]LogConfig: Setting CVar [[Compat.UseDXT5NormalMaps:0]]
[2020.01.13-18.05.27:112][  0]LogConfig: Setting CVar [[r.VirtualTextures:0]]
[2020.01.13-18.05.27:112][  0]LogConfig: Setting CVar [[r.VirtualTexturedLightmaps:0]]
[2020.01.13-18.05.27:112][  0]LogConfig: Setting CVar [[r.VT.TileSize:128]]
[2020.01.13-18.05.27:112][  0]LogConfig: Setting CVar [[r.VT.TileBorderSize:4]]
[2020.01.13-18.05.27:112][  0]LogConfig: Setting CVar [[r.vt.FeedbackFactor:16]]
[2020.01.13-18.05.27:112][  0]LogConfig: Setting CVar [[r.VT.EnableCompressZlib:1]]
[2020.01.13-18.05.27:112][  0]LogConfig: Setting CVar [[r.VT.EnableCompressCrunch:0]]
[2020.01.13-18.05.27:112][  0]LogConfig: Setting CVar [[r.ClearCoatNormal:0]]
[2020.01.13-18.05.27:112][  0]LogConfig: Setting CVar [[r.ReflectionCaptureResolution:128]]
[2020.01.13-18.05.27:112][  0]LogConfig: Setting CVar [[r.ReflectionEnvironmentLightmapMixBasedOnRoughness:1]]
[2020.01.13-18.05.27:112][  0]LogConfig: Setting CVar [[r.ForwardShading:0]]
[2020.01.13-18.05.27:112][  0]LogConfig: Setting CVar [[r.VertexFoggingForOpaque:1]]
[2020.01.13-18.05.27:112][  0]LogConfig: Setting CVar [[r.AllowStaticLighting:1]]
[2020.01.13-18.05.27:112][  0]LogConfig: Setting CVar [[r.NormalMapsForStaticLighting:0]]
[2020.01.13-18.05.27:112][  0]LogConfig: Setting CVar [[r.GenerateMeshDistanceFields:0]]
[2020.01.13-18.05.27:112][  0]LogConfig: Setting CVar [[r.DistanceFieldBuild.EightBit:0]]
[2020.01.13-18.05.27:112][  0]LogConfig: Setting CVar [[r.GenerateLandscapeGIData:0]]
[2020.01.13-18.05.27:112][  0]LogConfig: Setting CVar [[r.DistanceFieldBuild.Compress:0]]
[2020.01.13-18.05.27:113][  0]LogConfig: Setting CVar [[r.TessellationAdaptivePixelsPerTriangle:48.000000]]
[2020.01.13-18.05.27:113][  0]LogConfig: Setting CVar [[r.SeparateTranslucency:1]]
[2020.01.13-18.05.27:113][  0]LogConfig: Setting CVar [[r.TranslucentSortPolicy:0]]
[2020.01.13-18.05.27:113][  0]LogConfig: Setting CVar [[r.CustomDepth:1]]
[2020.01.13-18.05.27:113][  0]LogConfig: Setting CVar [[r.CustomDepthTemporalAAJitter:1]]
[2020.01.13-18.05.27:113][  0]LogConfig: Setting CVar [[r.PostProcessing.PropagateAlpha:0]]
[2020.01.13-18.05.27:113][  0]LogConfig: Setting CVar [[r.DefaultFeature.Bloom:1]]
[2020.01.13-18.05.27:113][  0]LogConfig: Setting CVar [[r.DefaultFeature.AmbientOcclusion:1]]
[2020.01.13-18.05.27:113][  0]LogConfig: Setting CVar [[r.DefaultFeature.AmbientOcclusionStaticFraction:1]]
[2020.01.13-18.05.27:113][  0]LogConfig: Setting CVar [[r.DefaultFeature.AutoExposure:1]]
[2020.01.13-18.05.27:113][  0]LogConfig: Setting CVar [[r.DefaultFeature.AutoExposure.Method:0]]
[2020.01.13-18.05.27:113][  0]LogConfig: Setting CVar [[r.DefaultFeature.AutoExposure.ExtendDefaultLuminanceRange:0]]
[2020.01.13-18.05.27:113][  0]LogConfig: Setting CVar [[r.UsePreExposure:1]]
[2020.01.13-18.05.27:113][  0]LogConfig: Setting CVar [[r.EyeAdaptation.EditorOnly:1]]
[2020.01.13-18.05.27:113][  0]LogConfig: Setting CVar [[r.DefaultFeature.MotionBlur:1]]
[2020.01.13-18.05.27:113][  0]LogConfig: Setting CVar [[r.DefaultFeature.LensFlare:0]]
[2020.01.13-18.05.27:113][  0]LogConfig: Setting CVar [[r.TemporalAA.Upsampling:0]]
[2020.01.13-18.05.27:113][  0]LogConfig: Setting CVar [[r.SSGI.Enable:0]]
[2020.01.13-18.05.27:113][  0]LogConfig: Setting CVar [[r.DefaultFeature.AntiAliasing:2]]
[2020.01.13-18.05.27:113][  0]LogConfig: Setting CVar [[r.DefaultFeature.LightUnits:1]]
[2020.01.13-18.05.27:113][  0]LogConfig: Setting CVar [[r.DefaultBackBufferPixelFormat:4]]
[2020.01.13-18.05.27:113][  0]LogConfig: Setting CVar [[r.Shadow.UnbuiltPreviewInGame:1]]
[2020.01.13-18.05.27:113][  0]LogConfig: Setting CVar [[r.StencilForLODDither:0]]
[2020.01.13-18.05.27:114][  0]LogConfig: Setting CVar [[r.EarlyZPass:3]]
[2020.01.13-18.05.27:114][  0]LogConfig: Setting CVar [[r.EarlyZPassOnlyMaterialMasking:0]]
[2020.01.13-18.05.27:114][  0]LogConfig: Setting CVar [[r.DBuffer:1]]
[2020.01.13-18.05.27:114][  0]LogConfig: Setting CVar [[r.ClearSceneMethod:1]]
[2020.01.13-18.05.27:114][  0]LogConfig: Setting CVar [[r.BasePassOutputsVelocity:0]]
[2020.01.13-18.05.27:114][  0]LogConfig: Setting CVar [[r.SelectiveBasePassOutputs:0]]
[2020.01.13-18.05.27:114][  0]LogConfig: Setting CVar [[fx.GPUSimulationTextureSizeX:1024]]
[2020.01.13-18.05.27:114][  0]LogConfig: Setting CVar [[fx.GPUSimulationTextureSizeY:1024]]
[2020.01.13-18.05.27:114][  0]LogConfig: Setting CVar [[r.AllowGlobalClipPlane:0]]
[2020.01.13-18.05.27:114][  0]LogConfig: Setting CVar [[r.GBufferFormat:1]]
[2020.01.13-18.05.27:114][  0]LogConfig: Setting CVar [[r.MorphTarget.Mode:1]]
[2020.01.13-18.05.27:114][  0]LogConfig: Setting CVar [[vr.InstancedStereo:0]]
[2020.01.13-18.05.27:114][  0]LogConfig: Setting CVar [[vr.MultiView:0]]
[2020.01.13-18.05.27:114][  0]LogConfig: Setting CVar [[vr.MobileMultiView:0]]
[2020.01.13-18.05.27:114][  0]LogConfig: Setting CVar [[vr.MobileMultiView.Direct:0]]
[2020.01.13-18.05.27:114][  0]LogConfig: Setting CVar [[vr.RoundRobinOcclusion:0]]
[2020.01.13-18.05.27:114][  0]LogConfig: Setting CVar [[vr.ODSCapture:0]]
[2020.01.13-18.05.27:114][  0]LogConfig: Setting CVar [[r.WireframeCullThreshold:5.000000]]
[2020.01.13-18.05.27:115][  0]LogConfig: Setting CVar [[r.RayTracing:0]]
[2020.01.13-18.05.27:115][  0]LogConfig: Setting CVar [[r.RayTracing.UseTextureLod:0]]
[2020.01.13-18.05.27:115][  0]LogConfig: Setting CVar [[r.SupportStationarySkylight:1]]
[2020.01.13-18.05.27:115][  0]LogConfig: Setting CVar [[r.SupportLowQualityLightmaps:1]]
[2020.01.13-18.05.27:115][  0]LogConfig: Setting CVar [[r.SupportPointLightWholeSceneShadows:1]]
[2020.01.13-18.05.27:115][  0]LogConfig: Setting CVar [[r.SupportAtmosphericFog:1]]
[2020.01.13-18.05.27:115][  0]LogConfig: Setting CVar [[r.SupportSkyAtmosphere:1]]
[2020.01.13-18.05.27:115][  0]LogConfig: Setting CVar [[r.SupportSkyAtmosphereAffectsHeightFog:0]]
[2020.01.13-18.05.27:115][  0]LogConfig: Setting CVar [[r.SkinCache.CompileShaders:0]]
[2020.01.13-18.05.27:115][  0]LogConfig: Setting CVar [[r.Mobile.EnableStaticAndCSMShadowReceivers:1]]
[2020.01.13-18.05.27:115][  0]LogConfig: Setting CVar [[r.Mobile.EnableMovableLightCSMShaderCulling:1]]
[2020.01.13-18.05.27:115][  0]LogConfig: Setting CVar [[r.Mobile.AllowDistanceFieldShadows:1]]
[2020.01.13-18.05.27:115][  0]LogConfig: Setting CVar [[r.Mobile.AllowMovableDirectionalLights:1]]
[2020.01.13-18.05.27:115][  0]LogConfig: Setting CVar [[r.MobileNumDynamicPointLights:4]]
[2020.01.13-18.05.27:115][  0]LogConfig: Setting CVar [[r.MobileDynamicPointLightsUseStaticBranch:1]]
[2020.01.13-18.05.27:115][  0]LogConfig: Setting CVar [[r.Mobile.EnableMovableSpotlights:0]]
[2020.01.13-18.05.27:115][  0]LogConfig: Setting CVar [[r.SkinCache.SceneMemoryLimitInMB:128.000000]]
[2020.01.13-18.05.27:115][  0]LogConfig: Setting CVar [[r.GPUSkin.Limit2BoneInfluences:0]]
[2020.01.13-18.05.27:115][  0]LogConfig: Setting CVar [[r.SupportDepthOnlyIndexBuffers:1]]
[2020.01.13-18.05.27:115][  0]LogConfig: Setting CVar [[r.SupportReversedIndexBuffers:1]]
[2020.01.13-18.05.27:116][  0]LogConfig: Setting CVar [[r.SupportMaterialLayers:0]]
[2020.01.13-18.05.27:116][  0]LogConfig: Setting CVar [[r.LightPropagationVolume:0]]
[2020.01.13-18.05.27:116][  0]LogConfig: Applying CVar settings from Section [/Script/Engine.RendererOverrideSettings] File [C:/Users/justi/Desktop/GoodNightNinja/GoodNightNinja/Saved/Config/Windows/Engine.ini]
[2020.01.13-18.05.27:116][  0]LogConfig: Applying CVar settings from Section [/Script/Engine.StreamingSettings] File [C:/Users/justi/Desktop/GoodNightNinja/GoodNightNinja/Saved/Config/Windows/Engine.ini]
[2020.01.13-18.05.27:116][  0]LogConfig: Setting CVar [[s.MinBulkDataSizeForAsyncLoading:131072]]
[2020.01.13-18.05.27:116][  0]LogConfig: Setting CVar [[s.AsyncLoadingThreadEnabled:0]]
[2020.01.13-18.05.27:116][  0]LogConfig: Setting CVar [[s.EventDrivenLoaderEnabled:1]]
[2020.01.13-18.05.27:116][  0]LogConfig: Setting CVar [[s.WarnIfTimeLimitExceeded:0]]
[2020.01.13-18.05.27:116][  0]LogConfig: Setting CVar [[s.TimeLimitExceededMultiplier:1.5]]
[2020.01.13-18.05.27:116][  0]LogConfig: Setting CVar [[s.TimeLimitExceededMinTime:0.005]]
[2020.01.13-18.05.27:116][  0]LogConfig: Setting CVar [[s.UseBackgroundLevelStreaming:1]]
[2020.01.13-18.05.27:116][  0]LogConfig: Setting CVar [[s.PriorityAsyncLoadingExtraTime:15.0]]
[2020.01.13-18.05.27:116][  0]LogConfig: Setting CVar [[s.LevelStreamingActorsUpdateTimeLimit:5.0]]
[2020.01.13-18.05.27:116][  0]LogConfig: Setting CVar [[s.PriorityLevelStreamingActorsUpdateExtraTime:5.0]]
[2020.01.13-18.05.27:116][  0]LogConfig: Setting CVar [[s.LevelStreamingComponentsRegistrationGranularity:10]]
[2020.01.13-18.05.27:117][  0]LogConfig: Setting CVar [[s.UnregisterComponentsTimeLimit:1.0]]
[2020.01.13-18.05.27:117][  0]LogConfig: Setting CVar [[s.LevelStreamingComponentsUnregistrationGranularity:5]]
[2020.01.13-18.05.27:117][  0]LogConfig: Setting CVar [[s.FlushStreamingOnExit:1]]
[2020.01.13-18.05.27:117][  0]LogConfig: Applying CVar settings from Section [/Script/Engine.GarbageCollectionSettings] File [C:/Users/justi/Desktop/GoodNightNinja/GoodNightNinja/Saved/Config/Windows/Engine.ini]
[2020.01.13-18.05.27:117][  0]LogConfig: Setting CVar [[gc.MaxObjectsNotConsideredByGC:1]]
[2020.01.13-18.05.27:117][  0]LogConfig: Setting CVar [[gc.SizeOfPermanentObjectPool:0]]
[2020.01.13-18.05.27:117][  0]LogConfig: Setting CVar [[gc.FlushStreamingOnGC:0]]
[2020.01.13-18.05.27:117][  0]LogConfig: Setting CVar [[gc.NumRetriesBeforeForcingGC:10]]
[2020.01.13-18.05.27:117][  0]LogConfig: Setting CVar [[gc.AllowParallelGC:1]]
[2020.01.13-18.05.27:117][  0]LogConfig: Setting CVar [[gc.TimeBetweenPurgingPendingKillObjects:61.1]]
[2020.01.13-18.05.27:117][  0]LogConfig: Setting CVar [[gc.MaxObjectsInEditor:25165824]]
[2020.01.13-18.05.27:117][  0]LogConfig: Setting CVar [[gc.IncrementalBeginDestroyEnabled:1]]
[2020.01.13-18.05.27:117][  0]LogConfig: Setting CVar [[gc.CreateGCClusters:1]]
[2020.01.13-18.05.27:117][  0]LogConfig: Setting CVar [[gc.MinGCClusterSize:5]]
[2020.01.13-18.05.27:117][  0]LogConfig: Setting CVar [[gc.ActorClusteringEnabled:0]]
[2020.01.13-18.05.27:117][  0]LogConfig: Setting CVar [[gc.BlueprintClusteringEnabled:0]]
[2020.01.13-18.05.27:117][  0]LogConfig: Setting CVar [[gc.UseDisregardForGCOnDedicatedServers:0]]
[2020.01.13-18.05.27:117][  0]LogConfig: Applying CVar settings from Section [/Script/Engine.NetworkSettings] File [C:/Users/justi/Desktop/GoodNightNinja/GoodNightNinja/Saved/Config/Windows/Engine.ini]
[2020.01.13-18.05.27:117][  0]LogConfig: Applying CVar settings from Section [/Script/UnrealEd.CookerSettings] File [C:/Users/justi/Desktop/GoodNightNinja/GoodNightNinja/Saved/Config/Windows/Engine.ini]
[2020.01.13-18.05.27:124][  0]LogConfig: Applying CVar settings from Section [ViewDistanceQuality@3] File [C:/Users/justi/Desktop/GoodNightNinja/GoodNightNinja/Saved/Config/Windows/Scalability.ini]
[2020.01.13-18.05.27:124][  0]LogConfig: Setting CVar [[r.SkeletalMeshLODBias:0]]
[2020.01.13-18.05.27:125][  0]LogConfig: Setting CVar [[r.ViewDistanceScale:1.0]]
[2020.01.13-18.05.27:125][  0]LogConfig: Applying CVar settings from Section [AntiAliasingQuality@3] File [C:/Users/justi/Desktop/GoodNightNinja/GoodNightNinja/Saved/Config/Windows/Scalability.ini]
[2020.01.13-18.05.27:125][  0]LogConfig: Setting CVar [[r.PostProcessAAQuality:4]]
[2020.01.13-18.05.27:125][  0]LogConfig: Applying CVar settings from Section [ShadowQuality@3] File [C:/Users/justi/Desktop/GoodNightNinja/GoodNightNinja/Saved/Config/Windows/Scalability.ini]
[2020.01.13-18.05.27:125][  0]LogConfig: Setting CVar [[r.LightFunctionQuality:1]]
[2020.01.13-18.05.27:125][  0]LogConfig: Setting CVar [[r.ShadowQuality:5]]
[2020.01.13-18.05.27:125][  0]LogConfig: Setting CVar [[r.Shadow.CSM.MaxCascades:10]]
[2020.01.13-18.05.27:125][  0]LogConfig: Setting CVar [[r.Shadow.MaxResolution:2048]]
[2020.01.13-18.05.27:125][  0]LogConfig: Setting CVar [[r.Shadow.MaxCSMResolution:2048]]
[2020.01.13-18.05.27:125][  0]LogConfig: Setting CVar [[r.Shadow.RadiusThreshold:0.01]]
[2020.01.13-18.05.27:125][  0]LogConfig: Setting CVar [[r.Shadow.DistanceScale:1.0]]
[2020.01.13-18.05.27:125][  0]LogConfig: Setting CVar [[r.Shadow.CSM.TransitionScale:1.0]]
[2020.01.13-18.05.27:125][  0]LogConfig: Setting CVar [[r.Shadow.PreShadowResolutionFactor:1.0]]
[2020.01.13-18.05.27:125][  0]LogConfig: Setting CVar [[r.DistanceFieldShadowing:1]]
[2020.01.13-18.05.27:125][  0]LogConfig: Setting CVar [[r.DistanceFieldAO:1]]
[2020.01.13-18.05.27:125][  0]LogConfig: Setting CVar [[r.AOQuality:2]]
[2020.01.13-18.05.27:125][  0]LogConfig: Setting CVar [[r.VolumetricFog:1]]
[2020.01.13-18.05.27:125][  0]LogConfig: Setting CVar [[r.VolumetricFog.GridPixelSize:8]]
[2020.01.13-18.05.27:125][  0]LogConfig: Setting CVar [[r.VolumetricFog.GridSizeZ:128]]
[2020.01.13-18.05.27:125][  0]LogConfig: Setting CVar [[r.VolumetricFog.HistoryMissSupersampleCount:4]]
[2020.01.13-18.05.27:126][  0]LogConfig: Setting CVar [[r.LightMaxDrawDistanceScale:1]]
[2020.01.13-18.05.27:126][  0]LogConfig: Setting CVar [[r.CapsuleShadows:1]]
[2020.01.13-18.05.27:126][  0]LogConfig: Applying CVar settings from Section [PostProcessQuality@3] File [C:/Users/justi/Desktop/GoodNightNinja/GoodNightNinja/Saved/Config/Windows/Scalability.ini]
[2020.01.13-18.05.27:126][  0]LogConfig: Setting CVar [[r.MotionBlurQuality:4]]
[2020.01.13-18.05.27:126][  0]LogConfig: Setting CVar [[r.AmbientOcclusionMipLevelFactor:0.4]]
[2020.01.13-18.05.27:126][  0]LogConfig: Setting CVar [[r.AmbientOcclusionMaxQuality:100]]
[2020.01.13-18.05.27:126][  0]LogConfig: Setting CVar [[r.AmbientOcclusionLevels:-1]]
[2020.01.13-18.05.27:126][  0]LogConfig: Setting CVar [[r.AmbientOcclusionRadiusScale:1.0]]
[2020.01.13-18.05.27:126][  0]LogConfig: Setting CVar [[r.DepthOfFieldQuality:2]]
[2020.01.13-18.05.27:126][  0]LogConfig: Setting CVar [[r.RenderTargetPoolMin:400]]
[2020.01.13-18.05.27:126][  0]LogConfig: Setting CVar [[r.LensFlareQuality:2]]
[2020.01.13-18.05.27:126][  0]LogConfig: Setting CVar [[r.SceneColorFringeQuality:1]]
[2020.01.13-18.05.27:126][  0]LogConfig: Setting CVar [[r.EyeAdaptationQuality:2]]
[2020.01.13-18.05.27:126][  0]LogConfig: Setting CVar [[r.BloomQuality:5]]
[2020.01.13-18.05.27:126][  0]LogConfig: Setting CVar [[r.FastBlurThreshold:100]]
[2020.01.13-18.05.27:126][  0]LogConfig: Setting CVar [[r.Upscale.Quality:3]]
[2020.01.13-18.05.27:126][  0]LogConfig: Setting CVar [[r.Tonemapper.GrainQuantization:1]]
[2020.01.13-18.05.27:126][  0]LogConfig: Setting CVar [[r.LightShaftQuality:1]]
[2020.01.13-18.05.27:126][  0]LogConfig: Setting CVar [[r.Filter.SizeScale:1]]
[2020.01.13-18.05.27:126][  0]LogConfig: Setting CVar [[r.Tonemapper.Quality:5]]
[2020.01.13-18.05.27:126][  0]LogConfig: Setting CVar [[r.DOF.Gather.AccumulatorQuality:1        ; higher gathering accumulator quality]]
[2020.01.13-18.05.27:127][  0]LogConfig: Setting CVar [[r.DOF.Gather.PostfilterMethod:1          ; Median3x3 postfilering method]]
[2020.01.13-18.05.27:127][  0]LogConfig: Setting CVar [[r.DOF.Gather.EnableBokehSettings:0       ; no bokeh simulation when gathering]]
[2020.01.13-18.05.27:127][  0]LogConfig: Setting CVar [[r.DOF.Gather.RingCount:4                 ; medium number of samples when gathering]]
[2020.01.13-18.05.27:127][  0]LogConfig: Setting CVar [[r.DOF.Scatter.ForegroundCompositing:1    ; additive foreground scattering]]
[2020.01.13-18.05.27:127][  0]LogConfig: Setting CVar [[r.DOF.Scatter.BackgroundCompositing:2    ; additive background scattering]]
[2020.01.13-18.05.27:127][  0]LogConfig: Setting CVar [[r.DOF.Scatter.EnableBokehSettings:1      ; bokeh simulation when scattering]]
[2020.01.13-18.05.27:127][  0]LogConfig: Setting CVar [[r.DOF.Scatter.MaxSpriteRatio:0.1         ; only a maximum of 10% of scattered bokeh]]
[2020.01.13-18.05.27:127][  0]LogConfig: Setting CVar [[r.DOF.Recombine.Quality:1                ; cheap slight out of focus]]
[2020.01.13-18.05.27:127][  0]LogConfig: Setting CVar [[r.DOF.Recombine.EnableBokehSettings:0    ; no bokeh simulation on slight out of focus]]
[2020.01.13-18.05.27:127][  0]LogConfig: Setting CVar [[r.DOF.TemporalAAQuality:1                ; more stable temporal accumulation]]
[2020.01.13-18.05.27:127][  0]LogConfig: Setting CVar [[r.DOF.Kernel.MaxForegroundRadius:0.025]]
[2020.01.13-18.05.27:127][  0]LogConfig: Setting CVar [[r.DOF.Kernel.MaxBackgroundRadius:0.025]]
[2020.01.13-18.05.27:127][  0]LogConfig: Applying CVar settings from Section [TextureQuality@3] File [C:/Users/justi/Desktop/GoodNightNinja/GoodNightNinja/Saved/Config/Windows/Scalability.ini]
[2020.01.13-18.05.27:127][  0]LogConfig: Setting CVar [[r.Streaming.MipBias:0]]
[2020.01.13-18.05.27:127][  0]LogConfig: Setting CVar [[r.Streaming.AmortizeCPUToGPUCopy:0]]
[2020.01.13-18.05.27:127][  0]LogConfig: Setting CVar [[r.Streaming.MaxNumTexturesToStreamPerFrame:0]]
[2020.01.13-18.05.27:127][  0]LogConfig: Setting CVar [[r.Streaming.Boost:1]]
[2020.01.13-18.05.27:127][  0]LogConfig: Setting CVar [[r.MaxAnisotropy:8]]
[2020.01.13-18.05.27:127][  0]LogConfig: Setting CVar [[r.VT.MaxAnisotropy:8]]
[2020.01.13-18.05.27:127][  0]LogConfig: Setting CVar [[r.Streaming.LimitPoolSizeToVRAM:0]]
[2020.01.13-18.05.27:128][  0]LogConfig: Setting CVar [[r.Streaming.PoolSize:1000]]
[2020.01.13-18.05.27:128][  0]LogConfig: Setting CVar [[r.Streaming.MaxEffectiveScreenSize:0]]
[2020.01.13-18.05.27:128][  0]LogConfig: Applying CVar settings from Section [EffectsQuality@3] File [C:/Users/justi/Desktop/GoodNightNinja/GoodNightNinja/Saved/Config/Windows/Scalability.ini]
[2020.01.13-18.05.27:128][  0]LogConfig: Setting CVar [[r.TranslucencyLightingVolumeDim:64]]
[2020.01.13-18.05.27:128][  0]LogConfig: Setting CVar [[r.RefractionQuality:2]]
[2020.01.13-18.05.27:128][  0]LogConfig: Setting CVar [[r.SSR.Quality:3]]
[2020.01.13-18.05.27:128][  0]LogConfig: Setting CVar [[r.SSR.HalfResSceneColor:0]]
[2020.01.13-18.05.27:128][  0]LogConfig: Setting CVar [[r.SceneColorFormat:4]]
[2020.01.13-18.05.27:128][  0]LogConfig: Setting CVar [[r.DetailMode:2]]
[2020.01.13-18.05.27:128][  0]LogConfig: Setting CVar [[r.TranslucencyVolumeBlur:1]]
[2020.01.13-18.05.27:128][  0]LogConfig: Setting CVar [[r.MaterialQualityLevel:1 ; High quality]]
[2020.01.13-18.05.27:128][  0]LogConfig: Setting CVar [[r.SSS.Scale:1]]
[2020.01.13-18.05.27:128][  0]LogConfig: Setting CVar [[r.SSS.SampleSet:2]]
[2020.01.13-18.05.27:128][  0]LogConfig: Setting CVar [[r.SSS.Quality:1]]
[2020.01.13-18.05.27:128][  0]LogConfig: Setting CVar [[r.SSS.HalfRes:1]]
[2020.01.13-18.05.27:128][  0]LogConfig: Setting CVar [[r.SSGI.Quality:3]]
[2020.01.13-18.05.27:128][  0]LogConfig: Setting CVar [[r.EmitterSpawnRateScale:1.0]]
[2020.01.13-18.05.27:128][  0]LogConfig: Setting CVar [[r.ParticleLightQuality:2]]
[2020.01.13-18.05.27:128][  0]LogConfig: Setting CVar [[r.SkyAtmosphere.AerialPerspectiveLUT.FastApplyOnOpaque:1 ; Always have FastSkyLUT 1 in this case to avoid wrong sky]]
[2020.01.13-18.05.27:128][  0]LogConfig: Setting CVar [[r.SkyAtmosphere.AerialPerspectiveLUT.SampleCountPerSlice:1]]
[2020.01.13-18.05.27:129][  0]LogConfig: Setting CVar [[r.SkyAtmosphere.AerialPerspectiveLUT.DepthResolution:16.0]]
[2020.01.13-18.05.27:129][  0]LogConfig: Setting CVar [[r.SkyAtmosphere.FastSkyLUT:1]]
[2020.01.13-18.05.27:129][  0]LogConfig: Setting CVar [[r.SkyAtmosphere.FastSkyLUT.SampleCountMin:4.0]]
[2020.01.13-18.05.27:129][  0]LogConfig: Setting CVar [[r.SkyAtmosphere.FastSkyLUT.SampleCountMax:32.0]]
[2020.01.13-18.05.27:129][  0]LogConfig: Setting CVar [[r.SkyAtmosphere.SampleCountMin:4.0]]
[2020.01.13-18.05.27:129][  0]LogConfig: Setting CVar [[r.SkyAtmosphere.SampleCountMax:32.0]]
[2020.01.13-18.05.27:129][  0]LogConfig: Setting CVar [[r.SkyAtmosphere.TransmittanceLUT.UseSmallFormat:0]]
[2020.01.13-18.05.27:129][  0]LogConfig: Setting CVar [[r.SkyAtmosphere.TransmittanceLUT.SampleCount:10.0]]
[2020.01.13-18.05.27:129][  0]LogConfig: Setting CVar [[r.SkyAtmosphere.MultiScatteringLUT.SampleCount:15.0]]
[2020.01.13-18.05.27:129][  0]LogConfig: Applying CVar settings from Section [FoliageQuality@3] File [C:/Users/justi/Desktop/GoodNightNinja/GoodNightNinja/Saved/Config/Windows/Scalability.ini]
[2020.01.13-18.05.27:129][  0]LogConfig: Setting CVar [[foliage.DensityScale:1.0]]
[2020.01.13-18.05.27:129][  0]LogConfig: Setting CVar [[grass.DensityScale:1.0]]
[2020.01.13-18.05.27:129][  0]LogConfig: Applying CVar settings from Section [ShadingQuality@3] File [C:/Users/justi/Desktop/GoodNightNinja/GoodNightNinja/Saved/Config/Windows/Scalability.ini]
[2020.01.13-18.05.27:129][  0]LogConfig: Setting CVar [[r.HairStrands.SkyLighting.SampleCount:16]]
[2020.01.13-18.05.27:129][  0]LogConfig: Setting CVar [[r.HairStrands.SkyLighting.JitterIntegration:0]]
[2020.01.13-18.05.27:129][  0]LogConfig: Setting CVar [[r.HairStrands.SkyAO.SampleCount:16]]
[2020.01.13-18.05.27:129][  0]LogInit: Selected Device Profile: [Windows]
[2020.01.13-18.05.27:129][  0]LogInit: Applying CVar settings loaded from the selected device profile: [Windows]
[2020.01.13-18.05.27:138][  0]LogHAL: Display: Platform has ~ 16 GB [17045848064 / 17179869184 / 16], which maps to Larger [LargestMinGB=32, LargerMinGB=12, DefaultMinGB=8, SmallerMinGB=6, SmallestMinGB=0)
[2020.01.13-18.05.27:138][  0]LogInit: Going up to parent DeviceProfile []
[2020.01.13-18.05.27:138][  0]LogConfig: Applying CVar settings from Section [ViewDistanceQuality@3] File [C:/Users/justi/Desktop/GoodNightNinja/GoodNightNinja/Saved/Config/Windows/Scalability.ini]
[2020.01.13-18.05.27:138][  0]LogConfig: Setting CVar [[r.SkeletalMeshLODBias:0]]
[2020.01.13-18.05.27:138][  0]LogConfig: Setting CVar [[r.ViewDistanceScale:1.0]]
[2020.01.13-18.05.27:138][  0]LogConfig: Applying CVar settings from Section [AntiAliasingQuality@3] File [C:/Users/justi/Desktop/GoodNightNinja/GoodNightNinja/Saved/Config/Windows/Scalability.ini]
[2020.01.13-18.05.27:138][  0]LogConfig: Setting CVar [[r.PostProcessAAQuality:4]]
[2020.01.13-18.05.27:139][  0]LogConfig: Applying CVar settings from Section [ShadowQuality@3] File [C:/Users/justi/Desktop/GoodNightNinja/GoodNightNinja/Saved/Config/Windows/Scalability.ini]
[2020.01.13-18.05.27:139][  0]LogConfig: Setting CVar [[r.LightFunctionQuality:1]]
[2020.01.13-18.05.27:139][  0]LogConfig: Setting CVar [[r.ShadowQuality:5]]
[2020.01.13-18.05.27:139][  0]LogConfig: Setting CVar [[r.Shadow.CSM.MaxCascades:10]]
[2020.01.13-18.05.27:139][  0]LogConfig: Setting CVar [[r.Shadow.MaxResolution:2048]]
[2020.01.13-18.05.27:139][  0]LogConfig: Setting CVar [[r.Shadow.MaxCSMResolution:2048]]
[2020.01.13-18.05.27:139][  0]LogConfig: Setting CVar [[r.Shadow.RadiusThreshold:0.01]]
[2020.01.13-18.05.27:139][  0]LogConfig: Setting CVar [[r.Shadow.DistanceScale:1.0]]
[2020.01.13-18.05.27:139][  0]LogConfig: Setting CVar [[r.Shadow.CSM.TransitionScale:1.0]]
[2020.01.13-18.05.27:139][  0]LogConfig: Setting CVar [[r.Shadow.PreShadowResolutionFactor:1.0]]
[2020.01.13-18.05.27:139][  0]LogConfig: Setting CVar [[r.DistanceFieldShadowing:1]]
[2020.01.13-18.05.27:139][  0]LogConfig: Setting CVar [[r.DistanceFieldAO:1]]
[2020.01.13-18.05.27:139][  0]LogConfig: Setting CVar [[r.AOQuality:2]]
[2020.01.13-18.05.27:139][  0]LogConfig: Setting CVar [[r.VolumetricFog:1]]
[2020.01.13-18.05.27:139][  0]LogConfig: Setting CVar [[r.VolumetricFog.GridPixelSize:8]]
[2020.01.13-18.05.27:139][  0]LogConfig: Setting CVar [[r.VolumetricFog.GridSizeZ:128]]
[2020.01.13-18.05.27:140][  0]LogConfig: Setting CVar [[r.VolumetricFog.HistoryMissSupersampleCount:4]]
[2020.01.13-18.05.27:140][  0]LogConfig: Setting CVar [[r.LightMaxDrawDistanceScale:1]]
[2020.01.13-18.05.27:140][  0]LogConfig: Setting CVar [[r.CapsuleShadows:1]]
[2020.01.13-18.05.27:140][  0]LogConfig: Applying CVar settings from Section [PostProcessQuality@3] File [C:/Users/justi/Desktop/GoodNightNinja/GoodNightNinja/Saved/Config/Windows/Scalability.ini]
[2020.01.13-18.05.27:140][  0]LogConfig: Setting CVar [[r.MotionBlurQuality:4]]
[2020.01.13-18.05.27:140][  0]LogConfig: Setting CVar [[r.AmbientOcclusionMipLevelFactor:0.4]]
[2020.01.13-18.05.27:140][  0]LogConfig: Setting CVar [[r.AmbientOcclusionMaxQuality:100]]
[2020.01.13-18.05.27:140][  0]LogConfig: Setting CVar [[r.AmbientOcclusionLevels:-1]]
[2020.01.13-18.05.27:140][  0]LogConfig: Setting CVar [[r.AmbientOcclusionRadiusScale:1.0]]
[2020.01.13-18.05.27:140][  0]LogConfig: Setting CVar [[r.DepthOfFieldQuality:2]]
[2020.01.13-18.05.27:140][  0]LogConfig: Setting CVar [[r.RenderTargetPoolMin:400]]
[2020.01.13-18.05.27:140][  0]LogConfig: Setting CVar [[r.LensFlareQuality:2]]
[2020.01.13-18.05.27:140][  0]LogConfig: Setting CVar [[r.SceneColorFringeQuality:1]]
[2020.01.13-18.05.27:140][  0]LogConfig: Setting CVar [[r.EyeAdaptationQuality:2]]
[2020.01.13-18.05.27:140][  0]LogConfig: Setting CVar [[r.BloomQuality:5]]
[2020.01.13-18.05.27:140][  0]LogConfig: Setting CVar [[r.FastBlurThreshold:100]]
[2020.01.13-18.05.27:140][  0]LogConfig: Setting CVar [[r.Upscale.Quality:3]]
[2020.01.13-18.05.27:140][  0]LogConfig: Setting CVar [[r.Tonemapper.GrainQuantization:1]]
[2020.01.13-18.05.27:140][  0]LogConfig: Setting CVar [[r.LightShaftQuality:1]]
[2020.01.13-18.05.27:140][  0]LogConfig: Setting CVar [[r.Filter.SizeScale:1]]
[2020.01.13-18.05.27:140][  0]LogConfig: Setting CVar [[r.Tonemapper.Quality:5]]
[2020.01.13-18.05.27:140][  0]LogConfig: Setting CVar [[r.DOF.Gather.AccumulatorQuality:1        ; higher gathering accumulator quality]]
[2020.01.13-18.05.27:140][  0]LogConfig: Setting CVar [[r.DOF.Gather.PostfilterMethod:1          ; Median3x3 postfilering method]]
[2020.01.13-18.05.27:140][  0]LogConfig: Setting CVar [[r.DOF.Gather.EnableBokehSettings:0       ; no bokeh simulation when gathering]]
[2020.01.13-18.05.27:141][  0]LogConfig: Setting CVar [[r.DOF.Gather.RingCount:4                 ; medium number of samples when gathering]]
[2020.01.13-18.05.27:141][  0]LogConfig: Setting CVar [[r.DOF.Scatter.ForegroundCompositing:1    ; additive foreground scattering]]
[2020.01.13-18.05.27:141][  0]LogConfig: Setting CVar [[r.DOF.Scatter.BackgroundCompositing:2    ; additive background scattering]]
[2020.01.13-18.05.27:141][  0]LogConfig: Setting CVar [[r.DOF.Scatter.EnableBokehSettings:1      ; bokeh simulation when scattering]]
[2020.01.13-18.05.27:141][  0]LogConfig: Setting CVar [[r.DOF.Scatter.MaxSpriteRatio:0.1         ; only a maximum of 10% of scattered bokeh]]
[2020.01.13-18.05.27:141][  0]LogConfig: Setting CVar [[r.DOF.Recombine.Quality:1                ; cheap slight out of focus]]
[2020.01.13-18.05.27:141][  0]LogConfig: Setting CVar [[r.DOF.Recombine.EnableBokehSettings:0    ; no bokeh simulation on slight out of focus]]
[2020.01.13-18.05.27:141][  0]LogConfig: Setting CVar [[r.DOF.TemporalAAQuality:1                ; more stable temporal accumulation]]
[2020.01.13-18.05.27:141][  0]LogConfig: Setting CVar [[r.DOF.Kernel.MaxForegroundRadius:0.025]]
[2020.01.13-18.05.27:141][  0]LogConfig: Setting CVar [[r.DOF.Kernel.MaxBackgroundRadius:0.025]]
[2020.01.13-18.05.27:141][  0]LogConfig: Applying CVar settings from Section [TextureQuality@3] File [C:/Users/justi/Desktop/GoodNightNinja/GoodNightNinja/Saved/Config/Windows/Scalability.ini]
[2020.01.13-18.05.27:141][  0]LogConfig: Setting CVar [[r.Streaming.MipBias:0]]
[2020.01.13-18.05.27:141][  0]LogConfig: Setting CVar [[r.Streaming.AmortizeCPUToGPUCopy:0]]
[2020.01.13-18.05.27:141][  0]LogConfig: Setting CVar [[r.Streaming.MaxNumTexturesToStreamPerFrame:0]]
[2020.01.13-18.05.27:141][  0]LogConfig: Setting CVar [[r.Streaming.Boost:1]]
[2020.01.13-18.05.27:141][  0]LogConfig: Setting CVar [[r.MaxAnisotropy:8]]
[2020.01.13-18.05.27:141][  0]LogConfig: Setting CVar [[r.VT.MaxAnisotropy:8]]
[2020.01.13-18.05.27:141][  0]LogConfig: Setting CVar [[r.Streaming.LimitPoolSizeToVRAM:0]]
[2020.01.13-18.05.27:141][  0]LogConfig: Setting CVar [[r.Streaming.PoolSize:1000]]
[2020.01.13-18.05.27:142][  0]LogConfig: Setting CVar [[r.Streaming.MaxEffectiveScreenSize:0]]
[2020.01.13-18.05.27:142][  0]LogConfig: Applying CVar settings from Section [EffectsQuality@3] File [C:/Users/justi/Desktop/GoodNightNinja/GoodNightNinja/Saved/Config/Windows/Scalability.ini]
[2020.01.13-18.05.27:142][  0]LogConfig: Setting CVar [[r.TranslucencyLightingVolumeDim:64]]
[2020.01.13-18.05.27:142][  0]LogConfig: Setting CVar [[r.RefractionQuality:2]]
[2020.01.13-18.05.27:142][  0]LogConfig: Setting CVar [[r.SSR.Quality:3]]
[2020.01.13-18.05.27:142][  0]LogConfig: Setting CVar [[r.SSR.HalfResSceneColor:0]]
[2020.01.13-18.05.27:142][  0]LogConfig: Setting CVar [[r.SceneColorFormat:4]]
[2020.01.13-18.05.27:142][  0]LogConfig: Setting CVar [[r.DetailMode:2]]
[2020.01.13-18.05.27:142][  0]LogConfig: Setting CVar [[r.TranslucencyVolumeBlur:1]]
[2020.01.13-18.05.27:142][  0]LogConfig: Setting CVar [[r.MaterialQualityLevel:1 ; High quality]]
[2020.01.13-18.05.27:142][  0]LogConfig: Setting CVar [[r.SSS.Scale:1]]
[2020.01.13-18.05.27:142][  0]LogConfig: Setting CVar [[r.SSS.SampleSet:2]]
[2020.01.13-18.05.27:142][  0]LogConfig: Setting CVar [[r.SSS.Quality:1]]
[2020.01.13-18.05.27:142][  0]LogConfig: Setting CVar [[r.SSS.HalfRes:1]]
[2020.01.13-18.05.27:142][  0]LogConfig: Setting CVar [[r.SSGI.Quality:3]]
[2020.01.13-18.05.27:142][  0]LogConfig: Setting CVar [[r.EmitterSpawnRateScale:1.0]]
[2020.01.13-18.05.27:142][  0]LogConfig: Setting CVar [[r.ParticleLightQuality:2]]
[2020.01.13-18.05.27:142][  0]LogConfig: Setting CVar [[r.SkyAtmosphere.AerialPerspectiveLUT.FastApplyOnOpaque:1 ; Always have FastSkyLUT 1 in this case to avoid wrong sky]]
[2020.01.13-18.05.27:142][  0]LogConfig: Setting CVar [[r.SkyAtmosphere.AerialPerspectiveLUT.SampleCountPerSlice:1]]
[2020.01.13-18.05.27:142][  0]LogConfig: Setting CVar [[r.SkyAtmosphere.AerialPerspectiveLUT.DepthResolution:16.0]]
[2020.01.13-18.05.27:143][  0]LogConfig: Setting CVar [[r.SkyAtmosphere.FastSkyLUT:1]]
[2020.01.13-18.05.27:143][  0]LogConfig: Setting CVar [[r.SkyAtmosphere.FastSkyLUT.SampleCountMin:4.0]]
[2020.01.13-18.05.27:143][  0]LogConfig: Setting CVar [[r.SkyAtmosphere.FastSkyLUT.SampleCountMax:32.0]]
[2020.01.13-18.05.27:143][  0]LogConfig: Setting CVar [[r.SkyAtmosphere.SampleCountMin:4.0]]
[2020.01.13-18.05.27:143][  0]LogConfig: Setting CVar [[r.SkyAtmosphere.SampleCountMax:32.0]]
[2020.01.13-18.05.27:143][  0]LogConfig: Setting CVar [[r.SkyAtmosphere.TransmittanceLUT.UseSmallFormat:0]]
[2020.01.13-18.05.27:143][  0]LogConfig: Setting CVar [[r.SkyAtmosphere.TransmittanceLUT.SampleCount:10.0]]
[2020.01.13-18.05.27:143][  0]LogConfig: Setting CVar [[r.SkyAtmosphere.MultiScatteringLUT.SampleCount:15.0]]
[2020.01.13-18.05.27:143][  0]LogConfig: Applying CVar settings from Section [FoliageQuality@3] File [C:/Users/justi/Desktop/GoodNightNinja/GoodNightNinja/Saved/Config/Windows/Scalability.ini]
[2020.01.13-18.05.27:143][  0]LogConfig: Setting CVar [[foliage.DensityScale:1.0]]
[2020.01.13-18.05.27:143][  0]LogConfig: Setting CVar [[grass.DensityScale:1.0]]
[2020.01.13-18.05.27:143][  0]LogConfig: Applying CVar settings from Section [ShadingQuality@3] File [C:/Users/justi/Desktop/GoodNightNinja/GoodNightNinja/Saved/Config/Windows/Scalability.ini]
[2020.01.13-18.05.27:143][  0]LogConfig: Setting CVar [[r.HairStrands.SkyLighting.SampleCount:16]]
[2020.01.13-18.05.27:143][  0]LogConfig: Setting CVar [[r.HairStrands.SkyLighting.JitterIntegration:0]]
[2020.01.13-18.05.27:143][  0]LogConfig: Setting CVar [[r.HairStrands.SkyAO.SampleCount:16]]
[2020.01.13-18.05.27:143][  0]LogConfig: Applying CVar settings from Section [Startup] File [../../../Engine/Config/ConsoleVariables.ini]
[2020.01.13-18.05.27:144][  0]LogConfig: Setting CVar [[net.UseAdaptiveNetUpdateFrequency:0]]
[2020.01.13-18.05.27:144][  0]LogConfig: Setting CVar [[p.chaos.AllowCreatePhysxBodies:1]]
[2020.01.13-18.05.27:144][  0]LogConfig: Applying CVar settings from Section [ConsoleVariables] File [C:/Users/justi/Desktop/GoodNightNinja/GoodNightNinja/Saved/Config/Windows/Engine.ini]
[2020.01.13-18.05.27:145][  0]LogInit: Computer: DESKTOP-JCS2NS6
[2020.01.13-18.05.27:145][  0]LogInit: User: justi
[2020.01.13-18.05.27:145][  0]LogInit: CPU Page size=4096, Cores=2
[2020.01.13-18.05.27:145][  0]LogInit: High frequency timer resolution =10.000000 MHz
[2020.01.13-18.05.27:145][  0]LogMemory: Memory total: Physical=15.9GB (16GB approx)
[2020.01.13-18.05.27:146][  0]LogMemory: Platform Memory Stats for Windows
[2020.01.13-18.05.27:146][  0]LogMemory: Process Physical Memory: 103.98 MB used, 103.98 MB peak
[2020.01.13-18.05.27:146][  0]LogMemory: Process Virtual Memory: 99.82 MB used, 99.82 MB peak
[2020.01.13-18.05.27:146][  0]LogMemory: Physical Memory: 7914.07 MB used,  8342.12 MB free, 16256.19 MB total
[2020.01.13-18.05.27:146][  0]LogMemory: Virtual Memory: 5082.84 MB used,  134212648.00 MB free, 134217728.00 MB total
[2020.01.13-18.05.27:157][  0]LogWindows: WindowsPlatformFeatures enabled
[2020.01.13-18.05.27:203][  0]LogInit: Using OS detected language (en-US).
[2020.01.13-18.05.27:203][  0]LogInit: Using OS detected locale (en-US).
[2020.01.13-18.05.27:206][  0]LogTextLocalizationManager: No specific localization for 'en-US' exists, so the 'en' localization will be used.
[2020.01.13-18.05.27:768][  0]LogInit: Setting process to per monitor DPI aware
[2020.01.13-18.05.37:399][  0]LogSlate: New Slate User Created.  User Index 0, Is Virtual User: 0
[2020.01.13-18.05.37:399][  0]LogSlate: Slate User Registered.  User Index 0, Is Virtual User: 0
[2020.01.13-18.05.38:037][  0]LogHMD: Failed to initialize OpenVR with code 110
[2020.01.13-18.05.38:037][  0]LogD3D11RHI: D3D11 min allowed feature level: 11_0
[2020.01.13-18.05.38:037][  0]LogD3D11RHI: D3D11 max allowed feature level: 11_0
[2020.01.13-18.05.38:038][  0]LogD3D11RHI: D3D11 adapters:
[2020.01.13-18.05.38:144][  0]LogD3D11RHI:    0. 'Intel(R) HD Graphics 615' (Feature Level 11_0)
[2020.01.13-18.05.38:145][  0]LogD3D11RHI:       128/0/8128 MB DedicatedVideo/DedicatedSystem/SharedSystem, Outputs:1, VendorId:0x8086
[2020.01.13-18.05.38:157][  0]LogD3D11RHI:    1. 'Microsoft Basic Render Driver' (Feature Level 11_0)
[2020.01.13-18.05.38:158][  0]LogD3D11RHI:       0/0/8128 MB DedicatedVideo/DedicatedSystem/SharedSystem, Outputs:0, VendorId:0x1414
[2020.01.13-18.05.38:158][  0]LogD3D11RHI: Chosen D3D11 Adapter: 0
[2020.01.13-18.05.38:187][  0]LogD3D11RHI: Creating new Direct3DDevice
[2020.01.13-18.05.38:187][  0]LogD3D11RHI:     GPU DeviceId: 0x591e (for the marketing name, search the web for "GPU Device Id")
[2020.01.13-18.05.38:187][  0]LogWindows: EnumDisplayDevices:
[2020.01.13-18.05.38:188][  0]LogWindows:    0. 'Intel(R) HD Graphics 615' (P:1 D:1)
[2020.01.13-18.05.38:190][  0]LogWindows:    1. 'Intel(R) HD Graphics 615' (P:0 D:0)
[2020.01.13-18.05.38:191][  0]LogWindows:    2. 'Intel(R) HD Graphics 615' (P:0 D:0)
[2020.01.13-18.05.38:192][  0]LogWindows: DebugString: FoundDriverCount:3 
[2020.01.13-18.05.38:192][  0]LogD3D11RHI:     Adapter Name: Intel(R) HD Graphics 615
[2020.01.13-18.05.38:192][  0]LogD3D11RHI:   Driver Version: 25.20.100.6617 (internal:25.20.100.6617, unified:25.20.100.6617)
[2020.01.13-18.05.38:192][  0]LogD3D11RHI:      Driver Date: 3-8-2019
[2020.01.13-18.05.38:192][  0]LogRHI: Texture pool is 1523 MB (70% of 2176 MB)
[2020.01.13-18.05.38:316][  0]LogD3D11RHI: RHI does not have support for 64 bit atomics
[2020.01.13-18.05.38:317][  0]LogD3D11RHI: [IntelMetricsDiscovery] Started
[2020.01.13-18.05.38:317][  0]LogD3D11RHI: Async texture creation enabled
[2020.01.13-18.05.38:340][  0]LogD3D11RHI: GPU Timing Frequency: 12.000048 (Debug: 2 0)
[2020.01.13-18.05.40:340][  0]LogTargetPlatformManager: Display: Loaded TargetPlatform 'AllDesktop'
[2020.01.13-18.05.40:527][  0]LogTargetPlatformManager: Display: Loaded TargetPlatform 'Android'
[2020.01.13-18.05.40:527][  0]LogTargetPlatformManager: Display: Loaded TargetPlatform 'Android_ASTC'
[2020.01.13-18.05.40:527][  0]LogTargetPlatformManager: Display: Loaded TargetPlatform 'Android_ATC'
[2020.01.13-18.05.40:527][  0]LogTargetPlatformManager: Display: Loaded TargetPlatform 'Android_DXT'
[2020.01.13-18.05.40:527][  0]LogTargetPlatformManager: Display: Loaded TargetPlatform 'Android_ETC1'
[2020.01.13-18.05.40:527][  0]LogTargetPlatformManager: Display: Loaded TargetPlatform 'Android_ETC1a'
[2020.01.13-18.05.40:528][  0]LogTargetPlatformManager: Display: Loaded TargetPlatform 'Android_ETC2'
[2020.01.13-18.05.40:528][  0]LogTargetPlatformManager: Display: Loaded TargetPlatform 'Android_PVRTC'
[2020.01.13-18.05.40:528][  0]LogTargetPlatformManager: Display: Loaded TargetPlatform 'AndroidClient'
[2020.01.13-18.05.40:528][  0]LogTargetPlatformManager: Display: Loaded TargetPlatform 'Android_ASTCClient'
[2020.01.13-18.05.40:528][  0]LogTargetPlatformManager: Display: Loaded TargetPlatform 'Android_ATCClient'
[2020.01.13-18.05.40:528][  0]LogTargetPlatformManager: Display: Loaded TargetPlatform 'Android_DXTClient'
[2020.01.13-18.05.40:528][  0]LogTargetPlatformManager: Display: Loaded TargetPlatform 'Android_ETC1Client'
[2020.01.13-18.05.40:528][  0]LogTargetPlatformManager: Display: Loaded TargetPlatform 'Android_ETC1aClient'
[2020.01.13-18.05.40:528][  0]LogTargetPlatformManager: Display: Loaded TargetPlatform 'Android_ETC2Client'
[2020.01.13-18.05.40:528][  0]LogTargetPlatformManager: Display: Loaded TargetPlatform 'Android_PVRTCClient'
[2020.01.13-18.05.40:528][  0]LogTargetPlatformManager: Display: Loaded TargetPlatform 'Android_Multi'
[2020.01.13-18.05.40:528][  0]LogTargetPlatformManager: Display: Loaded TargetPlatform 'Android_MultiClient'
[2020.01.13-18.05.40:612][  0]LogTargetPlatformManager: Display: Loaded TargetPlatform 'IOSClient'
[2020.01.13-18.05.40:612][  0]LogTargetPlatformManager: Display: Loaded TargetPlatform 'IOS'
[2020.01.13-18.05.40:647][  0]LogTargetPlatformManager: Display: Loaded TargetPlatform 'LinuxNoEditor'
[2020.01.13-18.05.40:674][  0]LogTargetPlatformManager: Display: Loaded TargetPlatform 'LinuxClient'
[2020.01.13-18.05.40:698][  0]LogTargetPlatformManager: Display: Loaded TargetPlatform 'LinuxServer'
[2020.01.13-18.05.40:735][  0]LogTargetPlatformManager: Display: Loaded TargetPlatform 'LinuxAArch64NoEditor'
[2020.01.13-18.05.40:781][  0]LogTargetPlatformManager: Display: Loaded TargetPlatform 'LinuxAArch64Client'
[2020.01.13-18.05.40:815][  0]LogTargetPlatformManager: Display: Loaded TargetPlatform 'LinuxAArch64Server'
[2020.01.13-18.05.40:943][  0]LogTargetPlatformManager: Display: Loaded TargetPlatform 'Lumin'
[2020.01.13-18.05.40:943][  0]LogTargetPlatformManager: Display: Loaded TargetPlatform 'LuminClient'
[2020.01.13-18.05.41:031][  0]LogTargetPlatformManager: Display: Loaded TargetPlatform 'TVOSClient'
[2020.01.13-18.05.41:031][  0]LogTargetPlatformManager: Display: Loaded TargetPlatform 'TVOS'
[2020.01.13-18.05.41:058][  0]LogTargetPlatformManager: Display: Loaded TargetPlatform 'WindowsNoEditor'
[2020.01.13-18.05.41:084][  0]LogTargetPlatformManager: Display: Loaded TargetPlatform 'Windows'
[2020.01.13-18.05.41:108][  0]LogTargetPlatformManager: Display: Loaded TargetPlatform 'WindowsClient'
[2020.01.13-18.05.41:135][  0]LogTargetPlatformManager: Display: Loaded TargetPlatform 'WindowsServer'
[2020.01.13-18.05.41:136][  0]LogTargetPlatformManager: Display: Building Assets For Windows
[2020.01.13-18.05.41:146][  0]LogAudioDebug: Display: Lib vorbis DLL was dynamically loaded.
[2020.01.13-18.05.41:248][  0]LogShaderCompilers: Guid format shader working directory is -22 characters bigger than the processId version (../../../../../../Users/justi/Desktop/GoodNightNinja/GoodNightNinja/Intermediate/Shaders/WorkingDirectory/20500/).
[2020.01.13-18.05.41:248][  0]LogShaderCompilers: Cleaned the shader compiler working directory 'C:/Users/justi/AppData/Local/Temp/UnrealShaderWorkingDir/643CB0A241E88BBE4449818F24DECFCC/'.
[2020.01.13-18.05.41:250][  0]LogXGEController: Cannot use XGE Controller as Incredibuild is not installed on this machine.
[2020.01.13-18.05.41:250][  0]LogShaderCompilers: Cannot use XGE Shader Compiler as Incredibuild is not installed on this machine.
[2020.01.13-18.05.41:251][  0]LogShaderCompilers: Display: Using Local Shader Compiler.
[2020.01.13-18.05.43:968][  0]LogDerivedDataCache: Display: Max Cache Size: 512 MB
[2020.01.13-18.05.44:105][  0]LogDerivedDataCache: Loaded boot cache 0.14s 78MB C:/Users/justi/AppData/Local/UnrealEngine/4.24/DerivedDataCache/Boot.ddc.
[2020.01.13-18.05.44:105][  0]LogDerivedDataCache: Display: Loaded Boot cache: C:/Users/justi/AppData/Local/UnrealEngine/4.24/DerivedDataCache/Boot.ddc
[2020.01.13-18.05.44:105][  0]LogDerivedDataCache: FDerivedDataBackendGraph:  Pak pak cache file ../../../../../../Users/justi/Desktop/GoodNightNinja/GoodNightNinja/DerivedDataCache/DDC.ddp not found, will not use a pak cache.
[2020.01.13-18.05.44:106][  0]LogDerivedDataCache: Unable to find inner node Pak for hierarchical cache Hierarchy.
[2020.01.13-18.05.44:106][  0]LogDerivedDataCache: FDerivedDataBackendGraph:  CompressedPak pak cache file ../../../../../../Users/justi/Desktop/GoodNightNinja/GoodNightNinja/DerivedDataCache/Compressed.ddp not found, will not use a pak cache.
[2020.01.13-18.05.44:106][  0]LogDerivedDataCache: Unable to find inner node CompressedPak for hierarchical cache Hierarchy.
[2020.01.13-18.05.44:137][  0]LogDerivedDataCache: Display: Pak cache opened for reading ../../../Engine/DerivedDataCache/Compressed.ddp.
[2020.01.13-18.05.44:137][  0]LogDerivedDataCache: FDerivedDataBackendGraph:  EnterprisePak pak cache file ../../../Enterprise/DerivedDataCache/Compressed.ddp not found, will not use a pak cache.
[2020.01.13-18.05.44:137][  0]LogDerivedDataCache: Unable to find inner node EnterprisePak for hierarchical cache Hierarchy.
[2020.01.13-18.05.44:140][  0]LogDerivedDataCache: Using Local data cache path C:/Users/justi/AppData/Local/UnrealEngine/Common/DerivedDataCache: Writable
[2020.01.13-18.05.44:140][  0]LogDerivedDataCache: Shared data cache path not found in *engine.ini, will not use an Shared cache.
[2020.01.13-18.05.44:141][  0]LogDerivedDataCache: Unable to find inner node Shared for hierarchical cache Hierarchy.
[2020.01.13-18.05.44:276][  0]LogMaterial: Verifying Global Shaders for PCD3D_SM5
[2020.01.13-18.05.44:286][  0]LogSlate: Using FreeType 2.10.0
[2020.01.13-18.05.44:288][  0]LogSlate: SlateFontServices - WITH_FREETYPE: 1, WITH_HARFBUZZ: 1
[2020.01.13-18.05.44:523][  0]LogAssetRegistry: FAssetRegistry took 0.0107 seconds to start up
[2020.01.13-18.05.46:147][  0]LogInit: Selected Device Profile: [Windows]
[2020.01.13-18.05.46:833][  0]LogMeshReduction: Using QuadricMeshReduction for automatic static mesh reduction
[2020.01.13-18.05.46:833][  0]LogMeshReduction: Using SimplygonMeshReduction for automatic skeletal mesh reduction
[2020.01.13-18.05.46:833][  0]LogMeshReduction: Using ProxyLODMeshReduction for automatic mesh merging
[2020.01.13-18.05.46:833][  0]LogMeshReduction: No distributed automatic mesh merging module available
[2020.01.13-18.05.46:833][  0]LogMeshMerging: No distributed automatic mesh merging module available
[2020.01.13-18.05.46:878][  0]LogNetVersion: GoodNightNinja 1.0.0, NetCL: 10570792, EngineNetVer: 13, GameNetVer: 0 (Checksum: 1139873947)
[2020.01.13-18.05.51:230][  0]LogPackageLocalizationCache: Processed 11 localized package path(s) for 1 prioritized culture(s) in 0.128855 seconds
[2020.01.13-18.05.51:255][  0]LogUObjectArray: 46750 objects as part of root set at end of initial load.
[2020.01.13-18.05.51:256][  0]LogUObjectAllocator: 8137160 out of 0 bytes used by permanent object pool.
[2020.01.13-18.05.51:256][  0]LogUObjectArray: CloseDisregardForGC: 0/0 objects in disregard for GC pool
[2020.01.13-18.05.53:182][  0]LogTcpMessaging: Initializing TcpMessaging bridge
[2020.01.13-18.05.53:193][  0]LogUdpMessaging: Initializing bridge on interface 0.0.0.0:0 to multicast group 230.0.0.1:6666.
[2020.01.13-18.05.53:500][  0]SourceControl: Source control is disabled
[2020.01.13-18.05.53:501][  0]SourceControl: Source control is disabled
[2020.01.13-18.05.53:510][  0]SourceControl: Source control is disabled
[2020.01.13-18.05.53:512][  0]SourceControl: Source control is disabled
[2020.01.13-18.05.53:515][  0]SourceControl: Source control is disabled
[2020.01.13-18.05.53:884][  0]LogAndroidPermission: UAndroidPermissionCallbackProxy::GetInstance
[2020.01.13-18.05.53:930][  0]LogAudioCaptureCore: Display: No Audio Capture implementations found. Audio input will be silent.
[2020.01.13-18.05.53:931][  0]LogAudioCaptureCore: Display: No Audio Capture implementations found. Audio input will be silent.
[2020.01.13-18.05.54:358][  0]LogOcInput: OculusInput pre-init called
[2020.01.13-18.05.54:405][  0]LogWindows: Failed to load 'OVRPlugin.dll' (GetLastError=126)
[2020.01.13-18.05.54:405][  0]LogWindows: File 'OVRPlugin.dll' does not exist
[2020.01.13-18.05.54:746][  0]LogEngine: Initializing Engine...
[2020.01.13-18.05.54:749][  0]LogHMD: Failed to initialize OpenVR with code 110
[2020.01.13-18.05.54:755][  0]LogStats: UGameplayTagsManager::InitializeManager -  0.002 s
[2020.01.13-18.05.56:392][  0]LogInit: Initializing FReadOnlyCVARCache
[2020.01.13-18.05.56:426][  0]LogAIModule: Creating AISystem for world Untitled
[2020.01.13-18.05.56:434][  0]LogAudioMixer: Display: Audio Mixer Platform Settings:
[2020.01.13-18.05.56:434][  0]LogAudioMixer: Display: 	Sample Rate:						  48000
[2020.01.13-18.05.56:435][  0]LogAudioMixer: Display: 	Callback Buffer Frame Size Requested: 1024
[2020.01.13-18.05.56:435][  0]LogAudioMixer: Display: 	Callback Buffer Frame Size To Use:	  1024
[2020.01.13-18.05.56:435][  0]LogAudioMixer: Display: 	Number of buffers to queue:			  2
[2020.01.13-18.05.56:435][  0]LogAudioMixer: Display: 	Max Channels (voices):				  32
[2020.01.13-18.05.56:435][  0]LogAudioMixer: Display: 	Number of Async Source Workers:		  0
[2020.01.13-18.05.56:435][  0]LogAudio: Display: AudioDevice MaxSources: 32
[2020.01.13-18.05.56:437][  0]LogAudio: Display: Using built-in audio occlusion.
[2020.01.13-18.05.56:438][  0]LogAudioMixer: Display: Initializing audio mixer.
[2020.01.13-18.05.56:724][  0]LogAudioMixer: Display: Audio Device Output Speaker Info:
[2020.01.13-18.05.56:724][  0]LogAudioMixer: Display: Name: Speakers / Headphones (Realtek(R) Audio)
[2020.01.13-18.05.56:724][  0]LogAudioMixer: Display: Is Default: Yes
[2020.01.13-18.05.56:724][  0]LogAudioMixer: Display: Sample Rate: 48000
[2020.01.13-18.05.56:724][  0]LogAudioMixer: Display: Channel Count Used: 2
[2020.01.13-18.05.56:724][  0]LogAudioMixer: Display: Device Channel Count: 2
[2020.01.13-18.05.56:724][  0]LogAudioMixer: Display: Channel Order:
[2020.01.13-18.05.56:724][  0]LogAudioMixer: Display: 0: FrontLeft
[2020.01.13-18.05.56:724][  0]LogAudioMixer: Display: 1: FrontRight
[2020.01.13-18.05.57:131][  0]LogAudioMixer: Display: Using Audio Device Speakers / Headphones (Realtek(R) Audio)
[2020.01.13-18.05.57:143][  0]LogInit: FAudioDevice initialized.
[2020.01.13-18.05.57:144][  0]LogNetVersion: Set ProjectVersion to 1.0.0.0. Version Checksum will be recalculated on next use.
[2020.01.13-18.05.57:325][  0]LogDerivedDataCache: Saved boot cache 0.18s 78MB C:/Users/justi/AppData/Local/UnrealEngine/4.24/DerivedDataCache/Boot.ddc.
[2020.01.13-18.05.57:326][  0]LogInit: Texture streaming: Enabled
[2020.01.13-18.05.57:374][  0]LogEngineSessionManager: EngineSessionManager initialized
[2020.01.13-18.05.57:374][  0]LogEditorSessionSummary: Verbose: Initializing EditorSessionSummaryWriter for editor session tracking
[2020.01.13-18.05.57:412][  0]LogEditorSessionSummary: EditorSessionSummaryWriter initialized
[2020.01.13-18.05.57:565][  0]LogInit: Transaction tracking system initialized
[2020.01.13-18.05.57:600][  0]BlueprintLog: New page: Editor Load
[2020.01.13-18.05.57:726][  0]LocalizationService: Localization service is disabled
[2020.01.13-18.05.59:193][  0]LogFileCache: Scanning file cache for directory 'C:/Users/justi/Desktop/GoodNightNinja/GoodNightNinja/Content/' took 0.02s
[2020.01.13-18.05.59:193][  0]LogCook: Display: Max memory allowance for cook 16384mb min free memory 0mb
[2020.01.13-18.05.59:194][  0]LogCook: Display: Mobile HDR setting 1
[2020.01.13-18.06.02:496][  0]SourceControl: Source control is disabled
[2020.01.13-18.06.02:497][  0]Cmd: MAP LOAD FILE="../../../../../../Users/justi/Desktop/GoodNightNinja/GoodNightNinja/Content/2DSideScrollerBP/Maps/2DSideScrollerExampleMap.umap" TEMPLATE=0 SHOWPROGRESS=1 FEATURELEVEL=3
[2020.01.13-18.06.02:498][  0]LightingResults: New page: Lighting Build
[2020.01.13-18.06.02:499][  0]LogWorld: UWorld::CleanupWorld for Untitled, bSessionEnded=true, bCleanupResources=true
[2020.01.13-18.06.02:500][  0]LogSlate: InvalidateAllWidgets triggered.  All widgets were invalidated
[2020.01.13-18.06.02:500][  0]MapCheck: New page: Map Check
[2020.01.13-18.06.02:500][  0]LightingResults: New page: Lighting Build
[2020.01.13-18.06.02:565][  0]LogUObjectHash: Compacting FUObjectHashTables data took   7.60ms
[2020.01.13-18.06.02:934][  0]LogAIModule: Creating AISystem for world 2DSideScrollerExampleMap
[2020.01.13-18.06.02:939][  0]LogEditorServer: Finished looking for orphan Actors (0.000 secs)
[2020.01.13-18.06.03:055][  0]LogUObjectHash: Compacting FUObjectHashTables data took   4.55ms
[2020.01.13-18.06.03:056][  0]Cmd: MAP CHECKDEP NOCLEARLOG
[2020.01.13-18.06.03:056][  0]MapCheck: Map check complete: 0 Error(s), 0 Warning(s), took 0.291ms to complete.
[2020.01.13-18.06.03:056][  0]LogFileHelpers: Loading map '2DSideScrollerExampleMap' took 0.560
[2020.01.13-18.06.03:490][  0]LogSlate: Updating window title bar state: overlay mode, drag disabled, window buttons hidden, title bar hidden
[2020.01.13-18.06.03:504][  0]LogSlate: Updating window title bar state: overlay mode, drag disabled, window buttons hidden, title bar hidden
[2020.01.13-18.06.03:523][  0]LogSlate: Updating window title bar state: overlay mode, drag disabled, window buttons hidden, title bar hidden
[2020.01.13-18.06.03:542][  0]LogSlate: Updating window title bar state: overlay mode, drag disabled, window buttons hidden, title bar hidden
[2020.01.13-18.06.03:559][  0]LogCollectionManager: Loaded 0 collections in 0.002960 seconds
[2020.01.13-18.06.03:597][  0]LogFileCache: Scanning file cache for directory 'C:/Users/justi/Desktop/GoodNightNinja/GoodNightNinja/Saved/Collections/' took 0.00s
[2020.01.13-18.06.03:597][  0]LogFileCache: Scanning file cache for directory 'C:/Users/justi/Desktop/GoodNightNinja/GoodNightNinja/Content/Developers/justi/Collections/' took 0.00s
[2020.01.13-18.06.03:597][  0]LogFileCache: Scanning file cache for directory 'C:/Users/justi/Desktop/GoodNightNinja/GoodNightNinja/Content/Collections/' took 0.00s
[2020.01.13-18.06.03:597][  0]LogContentBrowser: Native class hierarchy populated in 0.0307 seconds. Added 3025 classes and 735 folders.
[2020.01.13-18.06.03:608][  0]LogContentBrowser: Native class hierarchy updated for 'WidgetCarousel' in 0.0007 seconds. Added 0 classes and 0 folders.
[2020.01.13-18.06.03:856][  0]LogContentBrowser: Native class hierarchy updated for 'AddContentDialog' in 0.0004 seconds. Added 0 classes and 0 folders.
[2020.01.13-18.06.03:863][  0]LogContentBrowser: Native class hierarchy updated for 'SceneOutliner' in 0.0005 seconds. Added 2 classes and 3 folders.
[2020.01.13-18.06.05:970][  0]LogContentBrowser: Native class hierarchy updated for 'HierarchicalLODOutliner' in 0.0006 seconds. Added 0 classes and 0 folders.
[2020.01.13-18.06.05:971][  0]LogLoad: (Engine Initialization) Total time: 47.96 seconds
[2020.01.13-18.06.05:971][  0]LogLoad: (Engine Initialization) Total Blueprint compile time: 0.00 seconds
[2020.01.13-18.06.06:771][  0]LogContentStreaming: Texture pool size now 1000 MB
[2020.01.13-18.06.06:774][  0]LogSlate: Took 0.000366 seconds to synchronously load lazily loaded font '../../../Engine/Content/Slate/Fonts/Roboto-Regular.ttf' (155K)
[2020.01.13-18.06.06:776][  0]LogSlate: Took 0.000274 seconds to synchronously load lazily loaded font '../../../Engine/Content/Slate/Fonts/Roboto-Bold.ttf' (160K)
[2020.01.13-18.06.06:812][  0]LogSlate: Took 0.000524 seconds to synchronously load lazily loaded font '../../../Engine/Content/Editor/Slate/Fonts/FontAwesome.ttf' (139K)
[2020.01.13-18.06.06:923][  0]LogRenderer: Reallocating scene render targets to support 64x64 Format 10 NumSamples 1 (Frame:1).
[2020.01.13-18.06.07:147][  0]LogRenderer: Reallocating scene render targets to support 796x268 Format 10 NumSamples 1 (Frame:1).
[2020.01.13-18.06.07:147][  0]LogSlate: Took 0.000440 seconds to synchronously load lazily loaded font '../../../Engine/Content/Slate/Fonts/Roboto-Light.ttf' (167K)
[2020.01.13-18.06.08:591][  3]LogAssetRegistry: Asset discovery search completed in 24.0715 seconds
[2020.01.13-18.06.08:595][  3]LogCollectionManager: Fixed up redirectors for 0 collections in 0.000012 seconds (updated 0 objects)
[2020.01.13-18.06.09:547][ 28]LogSlate: Window 'Project Settings' being destroyed
[2020.01.13-18.06.09:577][ 28]LogSlate: Window 'Project Settings' being destroyed
[2020.01.13-18.06.17:138][324]LogConcert: Display: Admin (11DDC49647A41369919CFCA011B33150): Remote endpoint 'F0A677F34B9D480214ABDE8BA9317365' discovered.
[2020.01.13-18.06.32:597][416]LogConcert: [Pending] Launching Unreal Multi-User Server...
[2020.01.13-18.06.32:672][416]LogConcert: [Success] Launched Unreal Multi-User Server
[2020.01.13-18.06.45:326][594]LogConcert: Display: Admin (11DDC49647A41369919CFCA011B33150): Remote endpoint 'B01079CF42BEF601BAF614B1FEEE31E7' discovered.
[2020.01.13-18.06.45:344][595]LogConcert: Display: Server DESKTOP-JCS2NS6 discovered.
[2020.01.13-18.08.03:333][ 66]LogConcert: [Pending] Creating Session 'WorkTime'...
[2020.01.13-18.08.03:334][ 66]LogConcert: [Pending] Creating Session 'WorkTime'... - Validating Workspace...
[2020.01.13-18.08.03:351][ 66]LogSlate: Took 0.000712 seconds to synchronously load lazily loaded font '../../../Engine/Content/Slate/Fonts/Roboto-Light.ttf' (167K)
[2020.01.13-18.08.03:710][ 68]LogConcert: [Pending] Creating Session 'WorkTime'... - Attempting Remote Connection...
[2020.01.13-18.08.03:924][ 70]SourceControl: Source control is disabled
[2020.01.13-18.08.03:924][ 70]SourceControl: Source control is disabled
[2020.01.13-18.08.04:178][ 70]LogMaterial: Display: Missing cached shader map for material M_ConcertClientPresence, compiling. 
[2020.01.13-18.08.04:336][ 70]LogShaderCompilers: Display: Worker (1/3): shaders left to compile 15
[2020.01.13-18.08.04:337][ 70]LogShaderCompilers: Display: Worker (2/3): shaders left to compile 9
[2020.01.13-18.08.04:337][ 70]LogShaderCompilers: Display: Worker (3/3): shaders left to compile 3
[2020.01.13-18.08.04:337][ 70]LogMaterial: Display: Missing cached shader map for material M_ConcertClientPresence-Desktop, compiling. 
[2020.01.13-18.08.04:512][ 70]LogMaterial: Display: Missing cached shader map for material M_UE4Head_Body, compiling. 
[2020.01.13-18.08.04:968][ 70]LogMaterial: Display: Missing cached shader map for material M_CameraFacing, compiling. 
[2020.01.13-18.08.05:363][ 70]LogConcert: Display: Initialized Concert session 'WorkTime' (Id: 2DF47C94474249DA88767A897F3CDF97, Owner: justi).
[2020.01.13-18.08.05:363][ 70]LogConcert: Display: Connecting to Concert session 'WorkTime' (Id: 2DF47C94474249DA88767A897F3CDF97, Owner: justi).
[2020.01.13-18.08.05:687][ 77]LogConcert: Display: WorkTime (70DA9DC44E47E8E8F0458CA12169301F): Remote endpoint '7CA5BDCF4C4E71D22B73AA85B1EBD51A' discovered.
[2020.01.13-18.08.06:052][ 82]LogConcert: Display: Connected to Concert session 'WorkTime' (Id: 2DF47C94474249DA88767A897F3CDF97, Owner: justi).
[2020.01.13-18.08.06:074][ 83]LogConcert: [Success] Created Session 'WorkTime'
[2020.01.13-18.08.06:207][ 86]LogConcert: Display: Synced activity '1' produced by endpoint '70DA9DC44E47E8E8F0458CA12169301F': Justin joined the session.
[2020.01.13-18.08.49:440][610]LogShaderCompilers: Display: Worker (1/3): shaders left to compile 95
[2020.01.13-18.09.10:334][760]LogShaderCompilers: Display: Worker (3/3): shaders left to compile 85
[2020.01.13-18.09.10:472][761]LogShaderCompilers: Display: Worker (2/3): shaders left to compile 75
[2020.01.13-18.09.29:263][861]LogShaderCompilers: Display: Worker (1/3): shaders left to compile 65
[2020.01.13-18.09.36:988][910]LogShaderCompilers: Display: Worker (3/3): shaders left to compile 55
[2020.01.13-18.10.08:675][ 81]LogShaderCompilers: Display: Worker (2/3): shaders left to compile 45
[2020.01.13-18.10.11:181][ 88]LogShaderCompilers: Display: Worker (1/3): shaders left to compile 35
[2020.01.13-18.10.11:739][ 89]LogShaderCompilers: Display: Worker (3/3): shaders left to compile 25
[2020.01.13-18.10.44:548][303]LogShaderCompilers: Display: Worker (2/3): shaders left to compile 16
[2020.01.13-18.10.45:227][308]LogShaderCompilers: Display: Worker (3/3): shaders left to compile 10
[2020.01.13-18.10.58:742][414]LogShaderCompilers: Display: Worker (3/3): shaders left to compile 6
[2020.01.13-18.10.59:382][419]LogShaderCompilers: Display: Worker (1/3): shaders left to compile 3
[2020.01.13-18.11.14:045][493]LogShaderCompilers: Display: Worker (2/3): shaders left to compile 1
[2020.01.13-18.12.56:183][409]LogSlate: Window 'Plugins' being destroyed
[2020.01.13-18.12.56:220][409]LogSlate: Window 'Plugins' being destroyed
[2020.01.13-18.12.56:222][409]LogDirectoryWatcher: A directory notification for '../../../Engine/Plugins/' was aborted.
[2020.01.13-18.13.15:370][ 67]LogConcert: Display: Disconnected from Concert session 'WorkTime' (Id: 2DF47C94474249DA88767A897F3CDF97, Owner: justi).
[2020.01.13-18.13.15:370][ 67]SourceControl: Source control is disabled
[2020.01.13-18.13.15:386][ 67]LogDirectoryWatcher: A directory notification for 'C:/Users/justi/Desktop/GoodNightNinja/GoodNightNinja/Intermediate/Concert/MultiUser/815B97B248AB7957B231F987B942FF9F/2DF47C94474249DA88767A897F3CDF97/Sandbox/Engine/' was aborted.
[2020.01.13-18.13.15:386][ 67]LogDirectoryWatcher: A directory notification for 'C:/Users/justi/Desktop/GoodNightNinja/GoodNightNinja/Intermediate/Concert/MultiUser/815B97B248AB7957B231F987B942FF9F/2DF47C94474249DA88767A897F3CDF97/Sandbox/GoodNightNinja/' was aborted.
[2020.01.13-18.13.15:386][ 67]LogDirectoryWatcher: A directory notification for 'C:/Users/justi/Desktop/GoodNightNinja/GoodNightNinja/Intermediate/Concert/MultiUser/815B97B248AB7957B231F987B942FF9F/2DF47C94474249DA88767A897F3CDF97/Sandbox/Paper2D/' was aborted.
[2020.01.13-18.13.15:387][ 67]LogDirectoryWatcher: A directory notification for 'C:/Users/justi/Desktop/GoodNightNinja/GoodNightNinja/Intermediate/Concert/MultiUser/815B97B248AB7957B231F987B942FF9F/2DF47C94474249DA88767A897F3CDF97/Sandbox/AnimationSharing/' was aborted.
[2020.01.13-18.13.15:387][ 67]LogDirectoryWatcher: A directory notification for 'C:/Users/justi/Desktop/GoodNightNinja/GoodNightNinja/Intermediate/Concert/MultiUser/815B97B248AB7957B231F987B942FF9F/2DF47C94474249DA88767A897F3CDF97/Sandbox/ConcertSyncClient/' was aborted.
[2020.01.13-18.13.15:388][ 67]LogDirectoryWatcher: A directory notification for 'C:/Users/justi/Desktop/GoodNightNinja/GoodNightNinja/Intermediate/Concert/MultiUser/815B97B248AB7957B231F987B942FF9F/2DF47C94474249DA88767A897F3CDF97/Sandbox/DatasmithContent/' was aborted.
[2020.01.13-18.13.15:388][ 67]LogDirectoryWatcher: A directory notification for 'C:/Users/justi/Desktop/GoodNightNinja/GoodNightNinja/Intermediate/Concert/MultiUser/815B97B248AB7957B231F987B942FF9F/2DF47C94474249DA88767A897F3CDF97/Sandbox/MagicLeap/' was aborted.
[2020.01.13-18.13.15:388][ 67]LogDirectoryWatcher: A directory notification for 'C:/Users/justi/Desktop/GoodNightNinja/GoodNightNinja/Intermediate/Concert/MultiUser/815B97B248AB7957B231F987B942FF9F/2DF47C94474249DA88767A897F3CDF97/Sandbox/MediaCompositing/' was aborted.
[2020.01.13-18.13.15:389][ 67]LogDirectoryWatcher: A directory notification for 'C:/Users/justi/Desktop/GoodNightNinja/GoodNightNinja/Intermediate/Concert/MultiUser/815B97B248AB7957B231F987B942FF9F/2DF47C94474249DA88767A897F3CDF97/Sandbox/OculusVR/' was aborted.
[2020.01.13-18.13.15:390][ 67]LogDirectoryWatcher: A directory notification for 'C:/Users/justi/Desktop/GoodNightNinja/GoodNightNinja/Intermediate/Concert/MultiUser/815B97B248AB7957B231F987B942FF9F/2DF47C94474249DA88767A897F3CDF97/Sandbox/PostSplashScreen/' was aborted.
[2020.01.13-18.13.15:390][ 67]LogDirectoryWatcher: A directory notification for 'C:/Users/justi/Desktop/GoodNightNinja/GoodNightNinja/Intermediate/Concert/MultiUser/815B97B248AB7957B231F987B942FF9F/2DF47C94474249DA88767A897F3CDF97/Sandbox/SteamVR/' was aborted.
[2020.01.13-18.13.15:453][ 67]LogConcert: Display: Shutdown Concert session 'WorkTime' (Id: 2DF47C94474249DA88767A897F3CDF97, Owner: justi).
[2020.01.13-18.13.16:124][ 67]LogConcert: Display: WorkTime (70DA9DC44E47E8E8F0458CA12169301F): Remote endpoint '7CA5BDCF4C4E71D22B73AA85B1EBD51A' timed-out.
[2020.01.13-18.13.16:448][ 72]LogConcert: Display: Server DESKTOP-JCS2NS6 lost.
[2020.01.13-18.13.16:705][ 77]LogConcert: Display: Server DESKTOP-JCS2NS6 discovered.
[2020.01.13-18.13.21:865][177]LogSlate: Window 'Delete Session Confirmation' being destroyed
[2020.01.13-18.13.21:897][177]LogConcert: [Pending] Deleting Session...
[2020.01.13-18.13.22:425][184]LogConcert: [Success] Deleted Session 'WorkTime'
[2020.01.13-18.13.33:614][377]LogConcert: Display: Server DESKTOP-JCS2NS6 lost.
[2020.01.13-18.13.34:177][389]LogSlate: Window 'Multi-User Browser' being destroyed
[2020.01.13-18.13.34:236][389]LogSlate: Window 'Multi-User Browser' being destroyed
[2020.01.13-18.13.50:174][766]LogMaterial: Display: Missing cached shader map for material M_MonitorScreen, compiling. 
[2020.01.13-18.13.50:240][766]LogShaderCompilers: Display: Worker (1/3): shaders left to compile 23
[2020.01.13-18.13.50:241][766]LogShaderCompilers: Display: Worker (2/3): shaders left to compile 15
[2020.01.13-18.13.50:241][766]LogShaderCompilers: Display: Worker (3/3): shaders left to compile 7
[2020.01.13-18.13.50:241][766]LogMaterial: Display: Missing cached shader map for material M_UE4Head_Desktop, compiling. 
[2020.01.13-18.13.52:503][808]LogSlate: Window 'Project Settings' being destroyed
[2020.01.13-18.13.52:534][808]LogSlate: Window 'Project Settings' being destroyed
[2020.01.13-18.14.16:682][178]LogSlate: Window 'Project Settings' being destroyed
[2020.01.13-18.14.16:805][178]LogSlate: Window 'Project Settings' being destroyed
[2020.01.13-18.14.17:954][198]LogSlate: Window 'Multi-User Browser' being destroyed
[2020.01.13-18.14.17:985][198]LogSlate: Window 'Multi-User Browser' being destroyed
[2020.01.13-18.14.23:457][342]LogConcert: [Pending] Launching Unreal Multi-User Server...
[2020.01.13-18.14.23:548][342]LogConcert: [Success] Launched Unreal Multi-User Server
[2020.01.13-18.14.28:564][451]LogConcert: Display: Admin (11DDC49647A41369919CFCA011B33150): Remote endpoint 'B01079CF42BEF601BAF614B1FEEE31E7' timed-out.
[2020.01.13-18.14.28:564][451]LogConcert: Warning: Admin (11DDC49647A41369919CFCA011B33150): Message '502CF2434B86327171021E8597070FA5' (ConcertAdmin_GetLiveSessionsRequest) timed-out sending to 'B01079CF42BEF601BAF614B1FEEE31E7'.
[2020.01.13-18.14.28:564][451]LogConcert: Warning: Admin (11DDC49647A41369919CFCA011B33150): Message '09A798FD413B4361124B6585694AC8A9' (ConcertAdmin_GetArchivedSessionsRequest) timed-out sending to 'B01079CF42BEF601BAF614B1FEEE31E7'.
[2020.01.13-18.15.05:076][216]LogConcert: Display: Admin (11DDC49647A41369919CFCA011B33150): Remote endpoint 'C62962AB429313B047BADBB06F30E701' discovered.
[2020.01.13-18.15.05:117][217]LogConcert: Display: Server DESKTOP-JCS2NS6 discovered.
[2020.01.13-18.15.35:603][352]LogConcert: Display: Server DESKTOP-JCS2NS6 lost.
[2020.01.13-18.15.38:828][353]LogConcert: Display: Server DESKTOP-JCS2NS6 discovered.
[2020.01.13-18.16.05:760][404]LogShaderCompilers: Display: Worker (3/3): shaders left to compile 36
[2020.01.13-18.16.06:450][407]LogShaderCompilers: Display: Worker (2/3): shaders left to compile 26
[2020.01.13-18.16.32:818][673]LogConcert: Display: Server DESKTOP-JCS2NS6 lost.
[2020.01.13-18.16.38:815][786]LogConcert: [Pending] Launching Unreal Multi-User Server...
[2020.01.13-18.16.38:930][786]LogConcert: [Success] Launched Unreal Multi-User Server
[2020.01.13-18.17.04:625][108]LogConcert: Display: Admin (11DDC49647A41369919CFCA011B33150): Remote endpoint '15D4FC46480D047945DEF1B86735E16A' discovered.
[2020.01.13-18.17.04:775][109]LogConcert: Display: Server DESKTOP-JCS2NS6 discovered.
[2020.01.13-18.17.17:115][285]LogConcert: [Pending] Creating Session 'qwerty'...
[2020.01.13-18.17.17:115][285]LogConcert: [Pending] Creating Session 'qwerty'... - Validating Workspace...
[2020.01.13-18.17.17:535][287]LogConcert: [Pending] Creating Session 'qwerty'... - Attempting Remote Connection...
[2020.01.13-18.17.17:903][294]SourceControl: Source control is disabled
[2020.01.13-18.17.17:903][294]SourceControl: Source control is disabled
[2020.01.13-18.17.17:903][294]LogConcert: Display: Initialized Concert session 'qwerty' (Id: AD6811624F1E596E730C8C82B7C41ACA, Owner: justi).
[2020.01.13-18.17.17:903][294]LogConcert: Display: Connecting to Concert session 'qwerty' (Id: AD6811624F1E596E730C8C82B7C41ACA, Owner: justi).
[2020.01.13-18.17.17:950][296]LogConcert: Display: qwerty (527C79274D546CB48F4514B9799E4304): Remote endpoint '71F5E18941CB38D789FFDA8BCE56DDCB' discovered.
[2020.01.13-18.17.18:122][299]LogConcert: Display: Connected to Concert session 'qwerty' (Id: AD6811624F1E596E730C8C82B7C41ACA, Owner: justi).
[2020.01.13-18.17.18:123][299]LogConcert: [Success] Created Session 'qwerty'
[2020.01.13-18.17.18:179][300]LogConcert: Display: Synced activity '1' produced by endpoint '527C79274D546CB48F4514B9799E4304': Justin joined the session.
[2020.01.13-18.17.27:040][475]LogConcert: Display: Admin (11DDC49647A41369919CFCA011B33150): Remote endpoint 'C62962AB429313B047BADBB06F30E701' timed-out.
[2020.01.13-18.17.27:040][475]LogConcert: Warning: Admin (11DDC49647A41369919CFCA011B33150): Message '2C10BB43467E50D0B6AF78B0DE4698B2' (ConcertAdmin_GetLiveSessionsRequest) timed-out sending to 'C62962AB429313B047BADBB06F30E701'.
[2020.01.13-18.17.27:040][475]LogConcert: Warning: Admin (11DDC49647A41369919CFCA011B33150): Message '1073F79C47845A5C6E63AA95398E7859' (ConcertAdmin_GetArchivedSessionsRequest) timed-out sending to 'C62962AB429313B047BADBB06F30E701'.
[2020.01.13-18.17.43:017][804]LogAudioMixer: Display: Audio Buffer Underrun detected.
[2020.01.13-18.18.17:753][565]LogConcert: Display: Disconnected from Concert session 'qwerty' (Id: AD6811624F1E596E730C8C82B7C41ACA, Owner: justi).
[2020.01.13-18.18.17:753][565]SourceControl: Source control is disabled
[2020.01.13-18.18.17:770][565]LogDirectoryWatcher: A directory notification for 'C:/Users/justi/Desktop/GoodNightNinja/GoodNightNinja/Intermediate/Concert/MultiUser/815B97B248AB7957B231F987B942FF9F/AD6811624F1E596E730C8C82B7C41ACA/Sandbox/Engine/' was aborted.
[2020.01.13-18.18.17:770][565]LogDirectoryWatcher: A directory notification for 'C:/Users/justi/Desktop/GoodNightNinja/GoodNightNinja/Intermediate/Concert/MultiUser/815B97B248AB7957B231F987B942FF9F/AD6811624F1E596E730C8C82B7C41ACA/Sandbox/GoodNightNinja/' was aborted.
[2020.01.13-18.18.17:771][565]LogDirectoryWatcher: A directory notification for 'C:/Users/justi/Desktop/GoodNightNinja/GoodNightNinja/Intermediate/Concert/MultiUser/815B97B248AB7957B231F987B942FF9F/AD6811624F1E596E730C8C82B7C41ACA/Sandbox/Paper2D/' was aborted.
[2020.01.13-18.18.17:771][565]LogDirectoryWatcher: A directory notification for 'C:/Users/justi/Desktop/GoodNightNinja/GoodNightNinja/Intermediate/Concert/MultiUser/815B97B248AB7957B231F987B942FF9F/AD6811624F1E596E730C8C82B7C41ACA/Sandbox/AnimationSharing/' was aborted.
[2020.01.13-18.18.17:771][565]LogDirectoryWatcher: A directory notification for 'C:/Users/justi/Desktop/GoodNightNinja/GoodNightNinja/Intermediate/Concert/MultiUser/815B97B248AB7957B231F987B942FF9F/AD6811624F1E596E730C8C82B7C41ACA/Sandbox/ConcertSyncClient/' was aborted.
[2020.01.13-18.18.17:772][565]LogDirectoryWatcher: A directory notification for 'C:/Users/justi/Desktop/GoodNightNinja/GoodNightNinja/Intermediate/Concert/MultiUser/815B97B248AB7957B231F987B942FF9F/AD6811624F1E596E730C8C82B7C41ACA/Sandbox/DatasmithContent/' was aborted.
[2020.01.13-18.18.17:772][565]LogDirectoryWatcher: A directory notification for 'C:/Users/justi/Desktop/GoodNightNinja/GoodNightNinja/Intermediate/Concert/MultiUser/815B97B248AB7957B231F987B942FF9F/AD6811624F1E596E730C8C82B7C41ACA/Sandbox/MagicLeap/' was aborted.
[2020.01.13-18.18.17:772][565]LogDirectoryWatcher: A directory notification for 'C:/Users/justi/Desktop/GoodNightNinja/GoodNightNinja/Intermediate/Concert/MultiUser/815B97B248AB7957B231F987B942FF9F/AD6811624F1E596E730C8C82B7C41ACA/Sandbox/MediaCompositing/' was aborted.
[2020.01.13-18.18.17:773][565]LogDirectoryWatcher: A directory notification for 'C:/Users/justi/Desktop/GoodNightNinja/GoodNightNinja/Intermediate/Concert/MultiUser/815B97B248AB7957B231F987B942FF9F/AD6811624F1E596E730C8C82B7C41ACA/Sandbox/OculusVR/' was aborted.
[2020.01.13-18.18.17:773][565]LogDirectoryWatcher: A directory notification for 'C:/Users/justi/Desktop/GoodNightNinja/GoodNightNinja/Intermediate/Concert/MultiUser/815B97B248AB7957B231F987B942FF9F/AD6811624F1E596E730C8C82B7C41ACA/Sandbox/PostSplashScreen/' was aborted.
[2020.01.13-18.18.17:773][565]LogDirectoryWatcher: A directory notification for 'C:/Users/justi/Desktop/GoodNightNinja/GoodNightNinja/Intermediate/Concert/MultiUser/815B97B248AB7957B231F987B942FF9F/AD6811624F1E596E730C8C82B7C41ACA/Sandbox/SteamVR/' was aborted.
[2020.01.13-18.18.17:810][565]LogConcert: Display: Shutdown Concert session 'qwerty' (Id: AD6811624F1E596E730C8C82B7C41ACA, Owner: justi).
[2020.01.13-18.18.17:907][565]LogConcert: Display: qwerty (527C79274D546CB48F4514B9799E4304): Remote endpoint '71F5E18941CB38D789FFDA8BCE56DDCB' timed-out.
[2020.01.13-18.18.18:584][582]LogShaderCompilers: Display: Worker (1/3): shaders left to compile 17
[2020.01.13-18.18.18:761][584]LogConcert: Display: Server DESKTOP-JCS2NS6 lost.
[2020.01.13-18.18.19:013][592]LogConcert: Display: Server DESKTOP-JCS2NS6 discovered.
[2020.01.13-18.18.34:121][673]LogConcert: Display: Server DESKTOP-JCS2NS6 lost.
[2020.01.13-18.18.34:249][674]LogConcert: Display: Server DESKTOP-JCS2NS6 discovered.
[2020.01.13-18.18.42:270][737]LogShaderCompilers: Display: Worker (2/3): shaders left to compile 11
[2020.01.13-18.18.49:256][779]LogShaderCompilers: Display: Worker (3/3): shaders left to compile 7
[2020.01.13-18.18.57:762][829]LogConcert: Display: Server DESKTOP-JCS2NS6 lost.
[2020.01.13-18.18.57:971][830]LogConcert: Display: Server DESKTOP-JCS2NS6 discovered.
[2020.01.13-18.19.04:632][859]LogShaderCompilers: Display: Worker (2/3): shaders left to compile 4
[2020.01.13-18.19.05:100][861]LogShaderCompilers: Display: Worker (1/3): shaders left to compile 2
[2020.01.13-18.19.05:600][864]LogShaderCompilers: Display: Worker (3/3): shaders left to compile 1
[2020.01.13-18.19.28:360][ 15]LogHttp: Warning: 00000222A44979C0: invalid HTTP response code received. URL: https://datarouter.ol.epicgames.com/datarouter/api/v1/public/data?SessionID=%7BB2563A51-4B08-4033-CDD8-DB9E85A66B9A%7D&AppID=UEEditor.Rocket.Release&AppVersion=4.24.1-10757647%2B%2B%2BUE4%2BRelease-4.24&UserID=24467a5b4237722c106ba7815b8da0c8%7Ca7684b3ec1ca4735b46bc2d52a168e50%7Cdc2ddb3c-0f7a-4706-8fd2-07207c7cd989&AppEnvironment=datacollector-binary&UploadType=eteventstream, HTTP code: 0, content length: 0, actual payload size: 0
[2020.01.13-18.19.28:360][ 15]LogHttp: Warning: 00000222A44979C0: request failed, libcurl error: 56 (Failure when receiving data from the peer)
[2020.01.13-18.19.28:360][ 15]LogHttp: Warning: 00000222A44979C0: libcurl info message cache 0 (Found bundle for host datarouter.ol.epicgames.com: 0x222ce137f70 [can pipeline])
[2020.01.13-18.19.28:361][ 15]LogHttp: Warning: 00000222A44979C0: libcurl info message cache 1 (Re-using existing connection! (#4) with host datarouter.ol.epicgames.com)
[2020.01.13-18.19.28:361][ 15]LogHttp: Warning: 00000222A44979C0: libcurl info message cache 2 (Connected to datarouter.ol.epicgames.com (34.232.20.110) port 443 (#4))
[2020.01.13-18.19.28:362][ 15]LogHttp: Warning: 00000222A44979C0: libcurl info message cache 3 (We are completely uploaded and fine)
[2020.01.13-18.19.28:362][ 15]LogHttp: Warning: 00000222A44979C0: libcurl info message cache 4 (OpenSSL SSL_read: SSL_ERROR_SYSCALL, errno 10054)
[2020.01.13-18.19.28:362][ 15]LogHttp: Warning: 00000222A44979C0: libcurl info message cache 5 (Connection died, retrying a fresh connect)
[2020.01.13-18.19.28:362][ 15]LogHttp: Warning: 00000222A44979C0: libcurl info message cache 6 (necessary data rewind wasn't possible)
[2020.01.13-18.19.28:362][ 15]LogHttp: Warning: 00000222A44979C0: libcurl info message cache 7 (Closing connection 4)
[2020.01.13-18.19.28:832][ 16]LogHttp: Warning: Retry exhausted on https://datarouter.ol.epicgames.com/datarouter/api/v1/public/data?SessionID=%7BB2563A51-4B08-4033-CDD8-DB9E85A66B9A%7D&AppID=UEEditor.Rocket.Release&AppVersion=4.24.1-10757647%2B%2B%2BUE4%2BRelease-4.24&UserID=24467a5b4237722c106ba7815b8da0c8%7Ca7684b3ec1ca4735b46bc2d52a168e50%7Cdc2ddb3c-0f7a-4706-8fd2-07207c7cd989&AppEnvironment=datacollector-binary&UploadType=eteventstream
[2020.01.13-18.19.35:548][157]LogConcert: Display: Server DESKTOP-JCS2NS6 lost.
[2020.01.13-18.20.30:812][277]LogConcert: Display: Admin (11DDC49647A41369919CFCA011B33150): Remote endpoint '15D4FC46480D047945DEF1B86735E16A' timed-out.
[2020.01.13-18.20.30:812][277]LogConcert: Warning: Admin (11DDC49647A41369919CFCA011B33150): Message 'D688E8414A1E44D5B54BEE889C8A11F2' (ConcertAdmin_GetLiveSessionsRequest) timed-out sending to '15D4FC46480D047945DEF1B86735E16A'.
[2020.01.13-18.20.30:814][277]LogConcert: Warning: Admin (11DDC49647A41369919CFCA011B33150): Message 'B440122041D676B57C0B708607806FF1' (ConcertAdmin_GetArchivedSessionsRequest) timed-out sending to '15D4FC46480D047945DEF1B86735E16A'.
[2020.01.13-18.21.12:833][756]LogConcert: [Pending] Launching Unreal Multi-User Server...
[2020.01.13-18.21.13:005][756]LogConcert: [Success] Launched Unreal Multi-User Server
[2020.01.13-18.21.46:511][220]LogConcert: [Pending] Launching Unreal Multi-User Server...
[2020.01.13-18.21.46:620][220]LogConcert: [Success] Launched Unreal Multi-User Server
[2020.01.13-18.22.00:378][354]LogConcert: Display: Admin (11DDC49647A41369919CFCA011B33150): Remote endpoint '75500BC54FB8F5B486C711B126489ECF' discovered.
[2020.01.13-18.22.00:385][355]LogConcert: Display: Server DESKTOP-JCS2NS6 discovered.
[2020.01.13-18.22.04:769][423]LogConcert: [Pending] Joining Session...
[2020.01.13-18.22.04:770][423]LogConcert: [Pending] Joining Session... - Validating Workspace...
[2020.01.13-18.22.05:111][425]LogConcert: [Pending] Joining Session... - Attempting Remote Connection...
[2020.01.13-18.22.05:213][426]SourceControl: Source control is disabled
[2020.01.13-18.22.05:213][426]SourceControl: Source control is disabled
[2020.01.13-18.22.05:213][426]LogConcert: Display: Initialized Concert session 'qwerty' (Id: AD6811624F1E596E730C8C82B7C41ACA, Owner: justi).
[2020.01.13-18.22.05:214][426]LogConcert: Display: Connecting to Concert session 'qwerty' (Id: AD6811624F1E596E730C8C82B7C41ACA, Owner: justi).
[2020.01.13-18.22.05:273][427]LogConcert: Display: qwerty (A051CB6C43079CAA9A5C58AF3450B3D4): Remote endpoint '0014EA0A4F1F42182A655197FF6B9470' discovered.
[2020.01.13-18.22.05:349][428]LogConcert: Display: Connected to Concert session 'qwerty' (Id: AD6811624F1E596E730C8C82B7C41ACA, Owner: justi).
[2020.01.13-18.22.05:352][429]LogConcert: [Success] Joined Session 'qwerty'
[2020.01.13-18.22.05:380][430]LogConcert: Display: Synced activity '2' produced by endpoint '527C79274D546CB48F4514B9799E4304': Justin left the session.
[2020.01.13-18.22.05:380][430]LogConcert: Display: Synced activity '3' produced by endpoint 'A051CB6C43079CAA9A5C58AF3450B3D4': Justin joined the session.
[2020.01.13-18.22.11:274][556]LogSlate: Window 'Multi-User Browser' being destroyed
[2020.01.13-18.22.11:339][556]LogSlate: Window 'Multi-User Browser' being destroyed
[2020.01.13-18.22.28:891][ 64]LogHttp: Warning: 00000222A5DF2840: invalid HTTP response code received. URL: https://datarouter.ol.epicgames.com/datarouter/api/v1/public/data?SessionID=%7BB2563A51-4B08-4033-CDD8-DB9E85A66B9A%7D&AppID=UEEditor.Rocket.Release&AppVersion=4.24.1-10757647%2B%2B%2BUE4%2BRelease-4.24&UserID=24467a5b4237722c106ba7815b8da0c8%7Ca7684b3ec1ca4735b46bc2d52a168e50%7Cdc2ddb3c-0f7a-4706-8fd2-07207c7cd989&AppEnvironment=datacollector-binary&UploadType=eteventstream, HTTP code: 0, content length: 0, actual payload size: 0
[2020.01.13-18.22.28:891][ 64]LogHttp: Warning: 00000222A5DF2840: request failed, libcurl error: 28 (Timeout was reached)
[2020.01.13-18.22.28:892][ 64]LogHttp: Warning: 00000222A5DF2840: libcurl info message cache 0 (  Trying 3.221.183.62...)
[2020.01.13-18.22.28:892][ 64]LogHttp: Warning: 00000222A5DF2840: libcurl info message cache 1 (TCP_NODELAY set)
[2020.01.13-18.22.28:892][ 64]LogHttp: Warning: 00000222A5DF2840: libcurl info message cache 2 (Connected to datarouter.ol.epicgames.com (3.221.183.62) port 443 (#5))
[2020.01.13-18.22.28:892][ 64]LogHttp: Warning: 00000222A5DF2840: libcurl info message cache 3 (ALPN, offering http/1.1)
[2020.01.13-18.22.28:892][ 64]LogHttp: Warning: 00000222A5DF2840: libcurl info message cache 4 (Cipher selection: ALL:!EXPORT:!EXPORT40:!EXPORT56:!aNULL:!LOW:!RC4:@STRENGTH)
[2020.01.13-18.22.28:892][ 64]LogHttp: Warning: 00000222A5DF2840: libcurl info message cache 5 (SSL re-using session ID)
[2020.01.13-18.22.28:892][ 64]LogHttp: Warning: 00000222A5DF2840: libcurl info message cache 6 (TLSv1.3 (OUT), TLS handshake, Client hello (1):)
[2020.01.13-18.22.28:893][ 64]LogHttp: Warning: 00000222A5DF2840: libcurl info message cache 7 (TLSv1.3 (IN), TLS handshake, Server hello (2):)
[2020.01.13-18.22.28:893][ 64]LogHttp: Warning: 00000222A5DF2840: libcurl info message cache 8 (Operation timed out after 60000 milliseconds with 0 out of 0 bytes received)
[2020.01.13-18.22.28:893][ 64]LogHttp: Warning: 00000222A5DF2840: libcurl info message cache 9 (Closing connection 5)
[2020.01.13-18.22.28:893][ 64]LogHttp: Warning: Retry exhausted on https://datarouter.ol.epicgames.com/datarouter/api/v1/public/data?SessionID=%7BB2563A51-4B08-4033-CDD8-DB9E85A66B9A%7D&AppID=UEEditor.Rocket.Release&AppVersion=4.24.1-10757647%2B%2B%2BUE4%2BRelease-4.24&UserID=24467a5b4237722c106ba7815b8da0c8%7Ca7684b3ec1ca4735b46bc2d52a168e50%7Cdc2ddb3c-0f7a-4706-8fd2-07207c7cd989&AppEnvironment=datacollector-binary&UploadType=eteventstream
[2020.01.13-18.24.05:609][584]LogConcert: Display: Admin (11DDC49647A41369919CFCA011B33150): Remote endpoint '75500BC54FB8F5B486C711B126489ECF' timed-out.
[2020.01.13-18.24.05:610][584]LogConcert: Warning: Admin (11DDC49647A41369919CFCA011B33150): Message '7B9F21BB44957241CA37879EBD9CA7D5' (ConcertAdmin_GetLiveSessionsRequest) timed-out sending to '75500BC54FB8F5B486C711B126489ECF'.
[2020.01.13-18.24.05:610][584]LogConcert: Warning: Admin (11DDC49647A41369919CFCA011B33150): Message '54CB76004476E078DD7BC1B90F8BE651' (ConcertAdmin_GetArchivedSessionsRequest) timed-out sending to '75500BC54FB8F5B486C711B126489ECF'.
[2020.01.13-18.24.05:610][584]LogConcert: Warning: Admin (11DDC49647A41369919CFCA011B33150): Message 'B7F5758A4FA41BDB642D8583EFC4F30A' (ConcertAdmin_GetSessionClientsRequest) timed-out sending to '75500BC54FB8F5B486C711B126489ECF'.
[2020.01.13-18.24.06:609][587]LogConcert: Display: qwerty (A051CB6C43079CAA9A5C58AF3450B3D4): Remote endpoint '0014EA0A4F1F42182A655197FF6B9470' timed-out.
[2020.01.13-18.24.06:609][587]LogConcert: Warning: qwerty (A051CB6C43079CAA9A5C58AF3450B3D4): Message 'B8ED849A443D9FAEEC4D79A697DAB303' (ConcertSession_LeaveSessionEvent) timed-out sending to '0014EA0A4F1F42182A655197FF6B9470'.
[2020.01.13-18.24.06:609][587]LogConcert: Warning: Admin (11DDC49647A41369919CFCA011B33150): Message '9817D8CA44D4494BDD51B983A22BCEA8' (ConcertAdmin_GetLiveSessionsRequest) timed-out sending to '75500BC54FB8F5B486C711B126489ECF'.
[2020.01.13-18.24.06:609][587]LogConcert: Warning: Admin (11DDC49647A41369919CFCA011B33150): Message 'BDF7346C433C374BF552B79145E61FBA' (ConcertAdmin_GetArchivedSessionsRequest) timed-out sending to '75500BC54FB8F5B486C711B126489ECF'.
[2020.01.13-18.24.06:628][587]LogConcert: Display: Disconnected from Concert session 'qwerty' (Id: AD6811624F1E596E730C8C82B7C41ACA, Owner: justi).
[2020.01.13-18.24.06:629][587]SourceControl: Source control is disabled
[2020.01.13-18.24.06:649][587]LogDirectoryWatcher: A directory notification for 'C:/Users/justi/Desktop/GoodNightNinja/GoodNightNinja/Intermediate/Concert/MultiUser/815B97B248AB7957B231F987B942FF9F/AD6811624F1E596E730C8C82B7C41ACA/Sandbox/Engine/' was aborted.
[2020.01.13-18.24.06:649][587]LogDirectoryWatcher: A directory notification for 'C:/Users/justi/Desktop/GoodNightNinja/GoodNightNinja/Intermediate/Concert/MultiUser/815B97B248AB7957B231F987B942FF9F/AD6811624F1E596E730C8C82B7C41ACA/Sandbox/GoodNightNinja/' was aborted.
[2020.01.13-18.24.06:649][587]LogDirectoryWatcher: A directory notification for 'C:/Users/justi/Desktop/GoodNightNinja/GoodNightNinja/Intermediate/Concert/MultiUser/815B97B248AB7957B231F987B942FF9F/AD6811624F1E596E730C8C82B7C41ACA/Sandbox/Paper2D/' was aborted.
[2020.01.13-18.24.06:649][587]LogDirectoryWatcher: A directory notification for 'C:/Users/justi/Desktop/GoodNightNinja/GoodNightNinja/Intermediate/Concert/MultiUser/815B97B248AB7957B231F987B942FF9F/AD6811624F1E596E730C8C82B7C41ACA/Sandbox/AnimationSharing/' was aborted.
[2020.01.13-18.24.06:649][587]LogDirectoryWatcher: A directory notification for 'C:/Users/justi/Desktop/GoodNightNinja/GoodNightNinja/Intermediate/Concert/MultiUser/815B97B248AB7957B231F987B942FF9F/AD6811624F1E596E730C8C82B7C41ACA/Sandbox/ConcertSyncClient/' was aborted.
[2020.01.13-18.24.06:649][587]LogDirectoryWatcher: A directory notification for 'C:/Users/justi/Desktop/GoodNightNinja/GoodNightNinja/Intermediate/Concert/MultiUser/815B97B248AB7957B231F987B942FF9F/AD6811624F1E596E730C8C82B7C41ACA/Sandbox/DatasmithContent/' was aborted.
[2020.01.13-18.24.06:650][587]LogDirectoryWatcher: A directory notification for 'C:/Users/justi/Desktop/GoodNightNinja/GoodNightNinja/Intermediate/Concert/MultiUser/815B97B248AB7957B231F987B942FF9F/AD6811624F1E596E730C8C82B7C41ACA/Sandbox/MagicLeap/' was aborted.
[2020.01.13-18.24.06:650][587]LogDirectoryWatcher: A directory notification for 'C:/Users/justi/Desktop/GoodNightNinja/GoodNightNinja/Intermediate/Concert/MultiUser/815B97B248AB7957B231F987B942FF9F/AD6811624F1E596E730C8C82B7C41ACA/Sandbox/MediaCompositing/' was aborted.
[2020.01.13-18.24.06:650][587]LogDirectoryWatcher: A directory notification for 'C:/Users/justi/Desktop/GoodNightNinja/GoodNightNinja/Intermediate/Concert/MultiUser/815B97B248AB7957B231F987B942FF9F/AD6811624F1E596E730C8C82B7C41ACA/Sandbox/OculusVR/' was aborted.
[2020.01.13-18.24.06:650][587]LogDirectoryWatcher: A directory notification for 'C:/Users/justi/Desktop/GoodNightNinja/GoodNightNinja/Intermediate/Concert/MultiUser/815B97B248AB7957B231F987B942FF9F/AD6811624F1E596E730C8C82B7C41ACA/Sandbox/PostSplashScreen/' was aborted.
[2020.01.13-18.24.06:650][587]LogDirectoryWatcher: A directory notification for 'C:/Users/justi/Desktop/GoodNightNinja/GoodNightNinja/Intermediate/Concert/MultiUser/815B97B248AB7957B231F987B942FF9F/AD6811624F1E596E730C8C82B7C41ACA/Sandbox/SteamVR/' was aborted.
[2020.01.13-18.24.06:706][587]LogConcert: Display: Shutdown Concert session 'qwerty' (Id: AD6811624F1E596E730C8C82B7C41ACA, Owner: justi).
[2020.01.13-18.24.08:233][588]LogConcert: Warning: Admin (11DDC49647A41369919CFCA011B33150): Message 'DDF660EF4B40E9DC7FC977832ABEA110' (ConcertAdmin_GetLiveSessionsRequest) timed-out sending to '75500BC54FB8F5B486C711B126489ECF'.
[2020.01.13-18.24.08:233][588]LogConcert: Warning: Admin (11DDC49647A41369919CFCA011B33150): Message '61403A4544E62D372CAD6AA1F15931F2' (ConcertAdmin_GetArchivedSessionsRequest) timed-out sending to '75500BC54FB8F5B486C711B126489ECF'.
[2020.01.13-18.24.08:297][589]LogConcert: Display: Server DESKTOP-JCS2NS6 lost.
[2020.01.13-18.24.29:552][649]LogHttp: Warning: 00000222A8B39BC0: invalid HTTP response code received. URL: https://datarouter.ol.epicgames.com/datarouter/api/v1/public/data?SessionID=%7BB2563A51-4B08-4033-CDD8-DB9E85A66B9A%7D&AppID=UEEditor.Rocket.Release&AppVersion=4.24.1-10757647%2B%2B%2BUE4%2BRelease-4.24&UserID=24467a5b4237722c106ba7815b8da0c8%7Ca7684b3ec1ca4735b46bc2d52a168e50%7Cdc2ddb3c-0f7a-4706-8fd2-07207c7cd989&AppEnvironment=datacollector-binary&UploadType=eteventstream, HTTP code: 0, content length: 0, actual payload size: 0
[2020.01.13-18.24.29:552][649]LogHttp: Warning: 00000222A8B39BC0: request failed, libcurl error: 6 (Couldn't resolve host name)
[2020.01.13-18.24.29:552][649]LogHttp: Warning: 00000222A8B39BC0: libcurl info message cache 0 (Could not resolve host: datarouter.ol.epicgames.com)
[2020.01.13-18.24.29:552][649]LogHttp: Warning: 00000222A8B39BC0: libcurl info message cache 1 (Closing connection 6)
[2020.01.13-18.24.29:904][650]LogHttp: Warning: Retry exhausted on https://datarouter.ol.epicgames.com/datarouter/api/v1/public/data?SessionID=%7BB2563A51-4B08-4033-CDD8-DB9E85A66B9A%7D&AppID=UEEditor.Rocket.Release&AppVersion=4.24.1-10757647%2B%2B%2BUE4%2BRelease-4.24&UserID=24467a5b4237722c106ba7815b8da0c8%7Ca7684b3ec1ca4735b46bc2d52a168e50%7Cdc2ddb3c-0f7a-4706-8fd2-07207c7cd989&AppEnvironment=datacollector-binary&UploadType=eteventstream
